2024-05-14 18:09:41 error: Error: /route/getRoutes USER ID 
2024-05-14 18:09:41 info: ::1 - - [14/May/2024:12:39:41 +0000] "GET /api/v1/route/getRoutes HTTP/1.1" 404 53 "-" "PostmanRuntime/7.38.0"
 
2024-05-14 18:15:53 error: Unexpected token H in JSON at position 0 
    SyntaxError: Unexpected token H in JSON at position 0
    at JSON.parse (<anonymous>)
    at DeviceClient.<anonymous> (C:\Users\Acer\OneDrive\Desktop\busresp\OnboardServer\helper\mqtt.js:38:26)
    at DeviceClient.emit (node:events:514:28)
    at MqttClient.<anonymous> (C:\Users\Acer\OneDrive\Desktop\busresp\OnboardServer\node_modules\aws-iot-device-sdk\device\index.js:826:12)
    at MqttClient.emit (node:events:514:28)
    at MqttClient._handlePublish (C:\Users\Acer\OneDrive\Desktop\busresp\OnboardServer\node_modules\aws-iot-device-sdk\node_modules\mqtt\lib\client.js:1277:12)
    at MqttClient._handlePacket (C:\Users\Acer\OneDrive\Desktop\busresp\OnboardServer\node_modules\aws-iot-device-sdk\node_modules\mqtt\lib\client.js:410:12)
    at work (C:\Users\Acer\OneDrive\Desktop\busresp\OnboardServer\node_modules\aws-iot-device-sdk\node_modules\mqtt\lib\client.js:321:12)
    at writable._write (C:\Users\Acer\OneDrive\Desktop\busresp\OnboardServer\node_modules\aws-iot-device-sdk\node_modules\mqtt\lib\client.js:335:5)
    at doWrite (C:\Users\Acer\OneDrive\Desktop\busresp\OnboardServer\node_modules\readable-stream\lib\_stream_writable.js:390:139)
2024-05-14 18:18:53 info: ::1 - - [14/May/2024:12:48:53 +0000] "OPTIONS /api/v1/route/getRoutes?page=1&records=100 HTTP/1.1" 204 0 "http://localhost:3000/" "Mozilla/5.0 (Windows NT 10.0; Win64; x64) AppleWebKit/537.36 (KHTML, like Gecko) Chrome/124.0.0.0 Safari/537.36"
 
2024-05-14 18:18:53 info: Get vehicles 
2024-05-14 18:18:53 info: ::1 - - [14/May/2024:12:48:53 +0000] "POST /api/v1/route/getRoutes?page=1&records=100 HTTP/1.1" 200 2825 "http://localhost:3000/" "Mozilla/5.0 (Windows NT 10.0; Win64; x64) AppleWebKit/537.36 (KHTML, like Gecko) Chrome/124.0.0.0 Safari/537.36"
 
2024-05-14 18:22:42 info: Onboard Server is started and running at the port 5000 
2024-05-14 18:23:50 info: ::1 - - [14/May/2024:12:53:50 +0000] "OPTIONS /api/v1/route/getRoutes?page=1&records=100 HTTP/1.1" 204 0 "http://localhost:3000/" "Mozilla/5.0 (Windows NT 10.0; Win64; x64) AppleWebKit/537.36 (KHTML, like Gecko) Chrome/124.0.0.0 Safari/537.36"
 
2024-05-14 18:23:50 info: Get vehicles 
2024-05-14 18:23:50 info: ::1 - - [14/May/2024:12:53:50 +0000] "POST /api/v1/route/getRoutes?page=1&records=100 HTTP/1.1" 200 2825 "http://localhost:3000/" "Mozilla/5.0 (Windows NT 10.0; Win64; x64) AppleWebKit/537.36 (KHTML, like Gecko) Chrome/124.0.0.0 Safari/537.36"
 
2024-05-14 18:34:20 error: Error:Error: getaddrinfo ENOTFOUND axn2gml74xyrs-ats.iot.us-east-1.amazonaws.comundefined 
2024-05-14 18:34:20 error: Error:Error: getaddrinfo ENOTFOUND axn2gml74xyrs-ats.iot.us-east-1.amazonaws.comundefined 
2024-05-14 18:34:22 error: Error:Error: getaddrinfo ENOTFOUND axn2gml74xyrs-ats.iot.us-east-1.amazonaws.comundefined 
2024-05-14 18:34:22 error: Error:Error: getaddrinfo ENOTFOUND axn2gml74xyrs-ats.iot.us-east-1.amazonaws.comundefined 
