2024-05-23 15:02:26 error: Error:Error: read ECONNRESETundefined 
2024-05-23 15:02:27 error: Error:Error: getaddrinfo ENOTFOUND axn2gml74xyrs-ats.iot.us-east-1.amazonaws.comundefined 
2024-05-23 15:02:27 error: Error:Error: getaddrinfo ENOTFOUND axn2gml74xyrs-ats.iot.us-east-1.amazonaws.comundefined 
2024-05-23 15:02:29 error: Error:Error: getaddrinfo ENOTFOUND axn2gml74xyrs-ats.iot.us-east-1.amazonaws.comundefined 
2024-05-23 15:02:29 error: Error:Error: getaddrinfo ENOTFOUND axn2gml74xyrs-ats.iot.us-east-1.amazonaws.comundefined 
2024-05-23 15:02:33 error: Error:Error: getaddrinfo ENOTFOUND axn2gml74xyrs-ats.iot.us-east-1.amazonaws.comundefined 
2024-05-23 15:02:33 error: Error:Error: getaddrinfo ENOTFOUND axn2gml74xyrs-ats.iot.us-east-1.amazonaws.comundefined 
2024-05-23 15:13:17 error: Error:Error: getaddrinfo ENOTFOUND axn2gml74xyrs-ats.iot.us-east-1.amazonaws.comundefined 
2024-05-23 15:13:17 error: Error:Error: getaddrinfo ENOTFOUND axn2gml74xyrs-ats.iot.us-east-1.amazonaws.comundefined 
2024-05-23 15:21:07 info: Onboard Server is started and running at the port 5000 
2024-05-23 15:37:04 info: Onboard Server is started and running at the port 5000 
2024-05-23 15:50:58 error: Unexpected token H in JSON at position 0 
    SyntaxError: Unexpected token H in JSON at position 0
    at JSON.parse (<anonymous>)
    at DeviceClient.<anonymous> (C:\Users\Acer\OneDrive\Desktop\busresp\OnboardServer\helper\mqtt.js:38:26)
    at DeviceClient.emit (node:events:514:28)
    at MqttClient.<anonymous> (C:\Users\Acer\OneDrive\Desktop\busresp\OnboardServer\node_modules\aws-iot-device-sdk\device\index.js:826:12)
    at MqttClient.emit (node:events:514:28)
    at MqttClient._handlePublish (C:\Users\Acer\OneDrive\Desktop\busresp\OnboardServer\node_modules\aws-iot-device-sdk\node_modules\mqtt\lib\client.js:1277:12)
    at MqttClient._handlePacket (C:\Users\Acer\OneDrive\Desktop\busresp\OnboardServer\node_modules\aws-iot-device-sdk\node_modules\mqtt\lib\client.js:410:12)
    at work (C:\Users\Acer\OneDrive\Desktop\busresp\OnboardServer\node_modules\aws-iot-device-sdk\node_modules\mqtt\lib\client.js:321:12)
    at writable._write (C:\Users\Acer\OneDrive\Desktop\busresp\OnboardServer\node_modules\aws-iot-device-sdk\node_modules\mqtt\lib\client.js:335:5)
    at doWrite (C:\Users\Acer\OneDrive\Desktop\busresp\OnboardServer\node_modules\readable-stream\lib\_stream_writable.js:390:139)
