2024-05-21 23:14:58 error: Unexpected token H in JSON at position 0 
    SyntaxError: Unexpected token H in JSON at position 0
    at JSON.parse (<anonymous>)
    at DeviceClient.<anonymous> (C:\Users\Acer\OneDrive\Desktop\busresp\OnboardServer\helper\mqtt.js:38:26)
    at DeviceClient.emit (node:events:514:28)
    at MqttClient.<anonymous> (C:\Users\Acer\OneDrive\Desktop\busresp\OnboardServer\node_modules\aws-iot-device-sdk\device\index.js:826:12)
    at MqttClient.emit (node:events:514:28)
    at MqttClient._handlePublish (C:\Users\Acer\OneDrive\Desktop\busresp\OnboardServer\node_modules\aws-iot-device-sdk\node_modules\mqtt\lib\client.js:1277:12)
    at MqttClient._handlePacket (C:\Users\Acer\OneDrive\Desktop\busresp\OnboardServer\node_modules\aws-iot-device-sdk\node_modules\mqtt\lib\client.js:410:12)
    at work (C:\Users\Acer\OneDrive\Desktop\busresp\OnboardServer\node_modules\aws-iot-device-sdk\node_modules\mqtt\lib\client.js:321:12)
    at writable._write (C:\Users\Acer\OneDrive\Desktop\busresp\OnboardServer\node_modules\aws-iot-device-sdk\node_modules\mqtt\lib\client.js:335:5)
    at doWrite (C:\Users\Acer\OneDrive\Desktop\busresp\OnboardServer\node_modules\readable-stream\lib\_stream_writable.js:390:139)
2024-05-21 23:22:00 error: Unexpected token H in JSON at position 0 
    SyntaxError: Unexpected token H in JSON at position 0
    at JSON.parse (<anonymous>)
    at DeviceClient.<anonymous> (C:\Users\Acer\OneDrive\Desktop\busresp\OnboardServer\helper\mqtt.js:38:26)
    at DeviceClient.emit (node:events:514:28)
    at MqttClient.<anonymous> (C:\Users\Acer\OneDrive\Desktop\busresp\OnboardServer\node_modules\aws-iot-device-sdk\device\index.js:826:12)
    at MqttClient.emit (node:events:514:28)
    at MqttClient._handlePublish (C:\Users\Acer\OneDrive\Desktop\busresp\OnboardServer\node_modules\aws-iot-device-sdk\node_modules\mqtt\lib\client.js:1277:12)
    at MqttClient._handlePacket (C:\Users\Acer\OneDrive\Desktop\busresp\OnboardServer\node_modules\aws-iot-device-sdk\node_modules\mqtt\lib\client.js:410:12)
    at work (C:\Users\Acer\OneDrive\Desktop\busresp\OnboardServer\node_modules\aws-iot-device-sdk\node_modules\mqtt\lib\client.js:321:12)
    at writable._write (C:\Users\Acer\OneDrive\Desktop\busresp\OnboardServer\node_modules\aws-iot-device-sdk\node_modules\mqtt\lib\client.js:335:5)
    at doWrite (C:\Users\Acer\OneDrive\Desktop\busresp\OnboardServer\node_modules\readable-stream\lib\_stream_writable.js:390:139)
2024-05-21 23:22:24 info: ::1 - - [21/May/2024:17:52:24 +0000] "OPTIONS /api/v1/route/getMasterData HTTP/1.1" 204 0 "http://localhost:3000/" "Mozilla/5.0 (Windows NT 10.0; Win64; x64) AppleWebKit/537.36 (KHTML, like Gecko) Chrome/124.0.0.0 Safari/537.36"
 
2024-05-21 23:22:24 info: ::1 - - [21/May/2024:17:52:24 +0000] "OPTIONS /api/v1/route/getVehicleRouteMap HTTP/1.1" 204 0 "http://localhost:3000/" "Mozilla/5.0 (Windows NT 10.0; Win64; x64) AppleWebKit/537.36 (KHTML, like Gecko) Chrome/124.0.0.0 Safari/537.36"
 
2024-05-21 23:22:24 info: Fetching master data 
2024-05-21 23:22:24 info: Getting master data 
2024-05-21 23:22:24 info: Fetching vehicle route map data 
2024-05-21 23:22:24 info: Get vehicles 
2024-05-21 23:22:24 info: ::1 - - [21/May/2024:17:52:24 +0000] "POST /api/v1/route/getVehicleRouteMap HTTP/1.1" 200 972 "http://localhost:3000/" "Mozilla/5.0 (Windows NT 10.0; Win64; x64) AppleWebKit/537.36 (KHTML, like Gecko) Chrome/124.0.0.0 Safari/537.36"
 
2024-05-21 23:22:24 info: ::1 - - [21/May/2024:17:52:24 +0000] "POST /api/v1/route/getMasterData HTTP/1.1" 200 31166 "http://localhost:3000/" "Mozilla/5.0 (Windows NT 10.0; Win64; x64) AppleWebKit/537.36 (KHTML, like Gecko) Chrome/124.0.0.0 Safari/537.36"
 
2024-05-21 23:23:03 info: ::1 - - [21/May/2024:17:53:03 +0000] "OPTIONS /api/v1/route/getRoutes?page=1&records=100 HTTP/1.1" 204 0 "http://localhost:3000/" "Mozilla/5.0 (Windows NT 10.0; Win64; x64) AppleWebKit/537.36 (KHTML, like Gecko) Chrome/124.0.0.0 Safari/537.36"
 
2024-05-21 23:23:03 info: Get vehicles 
2024-05-21 23:23:04 info: ::1 - - [21/May/2024:17:53:04 +0000] "POST /api/v1/route/getRoutes?page=1&records=100 HTTP/1.1" 200 259648 "http://localhost:3000/" "Mozilla/5.0 (Windows NT 10.0; Win64; x64) AppleWebKit/537.36 (KHTML, like Gecko) Chrome/124.0.0.0 Safari/537.36"
 
2024-05-21 23:46:10 error: Unexpected token H in JSON at position 0 
    SyntaxError: Unexpected token H in JSON at position 0
    at JSON.parse (<anonymous>)
    at DeviceClient.<anonymous> (C:\Users\Acer\OneDrive\Desktop\busresp\OnboardServer\helper\mqtt.js:38:26)
    at DeviceClient.emit (node:events:514:28)
    at MqttClient.<anonymous> (C:\Users\Acer\OneDrive\Desktop\busresp\OnboardServer\node_modules\aws-iot-device-sdk\device\index.js:826:12)
    at MqttClient.emit (node:events:514:28)
    at MqttClient._handlePublish (C:\Users\Acer\OneDrive\Desktop\busresp\OnboardServer\node_modules\aws-iot-device-sdk\node_modules\mqtt\lib\client.js:1277:12)
    at MqttClient._handlePacket (C:\Users\Acer\OneDrive\Desktop\busresp\OnboardServer\node_modules\aws-iot-device-sdk\node_modules\mqtt\lib\client.js:410:12)
    at work (C:\Users\Acer\OneDrive\Desktop\busresp\OnboardServer\node_modules\aws-iot-device-sdk\node_modules\mqtt\lib\client.js:321:12)
    at writable._write (C:\Users\Acer\OneDrive\Desktop\busresp\OnboardServer\node_modules\aws-iot-device-sdk\node_modules\mqtt\lib\client.js:335:5)
    at doWrite (C:\Users\Acer\OneDrive\Desktop\busresp\OnboardServer\node_modules\readable-stream\lib\_stream_writable.js:390:139)
