2024-05-10 12:14:42 info: Onboard Server is started and running at the port 5000 
2024-05-10 12:15:44 info: Onboard Server is started and running at the port 5000 
2024-05-10 12:17:31 info: ::1 - - [10/May/2024:06:47:31 +0000] "OPTIONS /api/v1/route/getVehicles?page=1&records=12 HTTP/1.1" 204 0 "http://localhost:3000/" "Mozilla/5.0 (Windows NT 10.0; Win64; x64) AppleWebKit/537.36 (KHTML, like Gecko) Chrome/124.0.0.0 Safari/537.36"
 
2024-05-10 12:17:31 error: Not authorized 
    Error: Not authorized
    at verifyAccessToken (C:\Users\Acer\OneDrive\Desktop\busresp\OnboardServer\auth\jwt.js:67:11)
    at process.processTicksAndRejections (node:internal/process/task_queues:95:5)
2024-05-10 12:17:31 info: ::1 - - [10/May/2024:06:47:31 +0000] "POST /api/v1/route/getVehicles?page=1&records=12 HTTP/1.1" 401 56 "http://localhost:3000/" "Mozilla/5.0 (Windows NT 10.0; Win64; x64) AppleWebKit/537.36 (KHTML, like Gecko) Chrome/124.0.0.0 Safari/537.36"
 
2024-05-10 12:17:44 info: BODYYYYY: [object Object] 
2024-05-10 12:17:44 debug: login from nikhiltyagi.n17@gmail.com 
2024-05-10 12:17:44 info: ::1 - - [10/May/2024:06:47:44 +0000] "POST /api/v1/auth/login/ HTTP/1.1" 200 562 "http://localhost:3000/" "Mozilla/5.0 (Windows NT 10.0; Win64; x64) AppleWebKit/537.36 (KHTML, like Gecko) Chrome/124.0.0.0 Safari/537.36"
 
2024-05-10 12:17:45 info: ::1 - - [10/May/2024:06:47:45 +0000] "OPTIONS /api/v1/route/getVehicles?page=1&records=12 HTTP/1.1" 204 0 "http://localhost:3000/" "Mozilla/5.0 (Windows NT 10.0; Win64; x64) AppleWebKit/537.36 (KHTML, like Gecko) Chrome/124.0.0.0 Safari/537.36"
 
2024-05-10 12:17:45 info: Get vehicles 
2024-05-10 12:29:24 info: Onboard Server is started and running at the port 5000 
2024-05-10 12:29:24 error: Error:Error: getaddrinfo ENOTFOUND axn2gml74xyrs-ats.iot.us-east-1.amazonaws.comundefined 
2024-05-10 12:29:24 error: Error:Error: getaddrinfo ENOTFOUND axn2gml74xyrs-ats.iot.us-east-1.amazonaws.comundefined 
2024-05-10 12:29:25 error: Error:Error: getaddrinfo ENOTFOUND axn2gml74xyrs-ats.iot.us-east-1.amazonaws.comundefined 
2024-05-10 12:29:25 error: Error:Error: getaddrinfo ENOTFOUND axn2gml74xyrs-ats.iot.us-east-1.amazonaws.comundefined 
2024-05-10 12:29:27 error: Error:Error: getaddrinfo ENOTFOUND axn2gml74xyrs-ats.iot.us-east-1.amazonaws.comundefined 
2024-05-10 12:29:27 error: Error:Error: getaddrinfo ENOTFOUND axn2gml74xyrs-ats.iot.us-east-1.amazonaws.comundefined 
2024-05-10 12:31:05 info: ::1 - - [10/May/2024:07:01:05 +0000] "OPTIONS /api/v1/route/getRoutes?page=1&records=100 HTTP/1.1" 204 0 "http://localhost:3000/" "Mozilla/5.0 (Windows NT 10.0; Win64; x64) AppleWebKit/537.36 (KHTML, like Gecko) Chrome/124.0.0.0 Safari/537.36"
 
2024-05-10 12:31:05 info: Get vehicles 
2024-05-10 12:31:06 info: ::1 - - [10/May/2024:07:01:06 +0000] "POST /api/v1/route/getRoutes?page=1&records=100 HTTP/1.1" 200 79 "http://localhost:3000/" "Mozilla/5.0 (Windows NT 10.0; Win64; x64) AppleWebKit/537.36 (KHTML, like Gecko) Chrome/124.0.0.0 Safari/537.36"
 
2024-05-10 12:31:09 info: ::1 - - [10/May/2024:07:01:09 +0000] "OPTIONS /api/v1/route/getVehicles?page=1&records=12 HTTP/1.1" 204 0 "http://localhost:3000/" "Mozilla/5.0 (Windows NT 10.0; Win64; x64) AppleWebKit/537.36 (KHTML, like Gecko) Chrome/124.0.0.0 Safari/537.36"
 
2024-05-10 12:31:09 info: Get vehicles 
2024-05-10 12:38:05 info: Onboard Server is started and running at the port 5000 
2024-05-10 12:38:45 info: ::1 - - [10/May/2024:07:08:45 +0000] "OPTIONS /api/v1/route/getVehicles?page=1&records=12 HTTP/1.1" 204 0 "http://localhost:3000/" "Mozilla/5.0 (Windows NT 10.0; Win64; x64) AppleWebKit/537.36 (KHTML, like Gecko) Chrome/124.0.0.0 Safari/537.36"
 
2024-05-10 12:38:45 info: Get vehicles 
2024-05-10 12:51:13 info: Onboard Server is started and running at the port 5000 
2024-05-10 12:51:47 info: ::1 - - [10/May/2024:07:21:47 +0000] "OPTIONS /api/v1/route/getVehicles?page=1&records=12 HTTP/1.1" 204 0 "http://localhost:3000/" "Mozilla/5.0 (Windows NT 10.0; Win64; x64) AppleWebKit/537.36 (KHTML, like Gecko) Chrome/124.0.0.0 Safari/537.36"
 
2024-05-10 12:51:47 info: Get vehicles 
2024-05-10 12:52:14 info: Onboard Server is started and running at the port 5000 
2024-05-10 12:54:30 info: ::1 - - [10/May/2024:07:24:30 +0000] "OPTIONS /api/v1/route/addMultipleVehicles HTTP/1.1" 204 0 "http://localhost:3000/" "Mozilla/5.0 (Windows NT 10.0; Win64; x64) AppleWebKit/537.36 (KHTML, like Gecko) Chrome/124.0.0.0 Safari/537.36"
 
2024-05-10 12:54:30 info: Add or update route info 
2024-05-10 12:54:30 info: Adding/updating vehicle details details::[["A01FA0417","A-00418"," Bus"],["A01FA0418","B-00419","Bus"],["A01FA0419","A-00420","Bus"],["A01FA0420","BA-0041","Bus"]] 
2024-05-10 12:54:30 error: Include unexpected. Element has to be either a Model, an Association or an object. 
    Error: Include unexpected. Element has to be either a Model, an Association or an object.
    at Vehicle._conformInclude (C:\Users\Acer\OneDrive\Desktop\busresp\OnboardServer\node_modules\sequelize\lib\model.js:323:11)
    at C:\Users\Acer\OneDrive\Desktop\busresp\OnboardServer\node_modules\sequelize\lib\model.js:270:61
    at Array.map (<anonymous>)
    at Vehicle._conformIncludes (C:\Users\Acer\OneDrive\Desktop\busresp\OnboardServer\node_modules\sequelize\lib\model.js:270:39)
    at Vehicle._baseMerge (C:\Users\Acer\OneDrive\Desktop\busresp\OnboardServer\node_modules\sequelize\lib\model.js:622:10)
    at Vehicle._defaultsOptions (C:\Users\Acer\OneDrive\Desktop\busresp\OnboardServer\node_modules\sequelize\lib\model.js:656:17)
    at Vehicle._injectScope (C:\Users\Acer\OneDrive\Desktop\busresp\OnboardServer\node_modules\sequelize\lib\model.js:2053:10)
    at Vehicle.findAll (C:\Users\Acer\OneDrive\Desktop\busresp\OnboardServer\node_modules\sequelize\lib\model.js:1111:10)
    at Vehicle.findAndCountAll (C:\Users\Acer\OneDrive\Desktop\busresp\OnboardServer\node_modules\sequelize\lib\model.js:1324:12)
    at main.addMultipleVehicles (C:\Users\Acer\OneDrive\Desktop\busresp\OnboardServer\controllers\route.controller.js:504:38)
2024-05-10 12:54:30 error: Error: Include unexpected. Element has to be either a Model, an Association or an object. 
    Error: Error: Include unexpected. Element has to be either a Model, an Association or an object.
    at main.addMultipleVehicles (C:\Users\Acer\OneDrive\Desktop\busresp\OnboardServer\controllers\route.controller.js:516:15)
    at process.processTicksAndRejections (node:internal/process/task_queues:95:5)
    at async C:\Users\Acer\OneDrive\Desktop\busresp\OnboardServer\routes\api\v1\routeConfig.js:107:22
2024-05-10 12:54:30 error: Error: Include unexpected. Element has to be either a Model, an Association or an object. 
    Error: Error: Include unexpected. Element has to be either a Model, an Association or an object.
    at main.addMultipleVehicles (C:\Users\Acer\OneDrive\Desktop\busresp\OnboardServer\controllers\route.controller.js:516:15)
    at process.processTicksAndRejections (node:internal/process/task_queues:95:5)
    at async C:\Users\Acer\OneDrive\Desktop\busresp\OnboardServer\routes\api\v1\routeConfig.js:107:22
2024-05-10 12:54:30 info: ::1 - - [10/May/2024:07:24:30 +0000] "POST /api/v1/route/addMultipleVehicles HTTP/1.1" 500 125 "http://localhost:3000/" "Mozilla/5.0 (Windows NT 10.0; Win64; x64) AppleWebKit/537.36 (KHTML, like Gecko) Chrome/124.0.0.0 Safari/537.36"
 
