2024-05-09 22:12:10 info: Onboard Server is started and running at the port 5000 
2024-05-09 22:15:27 info: ::1 - - [09/May/2024:16:45:27 +0000] "OPTIONS /api/v1/auth/register/ HTTP/1.1" 204 0 "http://localhost:3000/" "Mozilla/5.0 (Windows NT 10.0; Win64; x64) AppleWebKit/537.36 (KHTML, like Gecko) Chrome/124.0.0.0 Safari/537.36"
 
2024-05-09 22:15:28 error: Please fill all the mandatory fields!! 
    Error: Please fill all the mandatory fields!!
    at C:\Users\Acer\OneDrive\Desktop\busresp\OnboardServer\routes\api\v1\auth.js:98:13
    at C:\Users\Acer\OneDrive\Desktop\busresp\OnboardServer\helper\utility.js:27:5
    at Layer.handle [as handle_request] (C:\Users\Acer\OneDrive\Desktop\busresp\OnboardServer\node_modules\express\lib\router\layer.js:95:5)
    at next (C:\Users\Acer\OneDrive\Desktop\busresp\OnboardServer\node_modules\express\lib\router\route.js:144:13)
    at Route.dispatch (C:\Users\Acer\OneDrive\Desktop\busresp\OnboardServer\node_modules\express\lib\router\route.js:114:3)
    at Layer.handle [as handle_request] (C:\Users\Acer\OneDrive\Desktop\busresp\OnboardServer\node_modules\express\lib\router\layer.js:95:5)
    at C:\Users\Acer\OneDrive\Desktop\busresp\OnboardServer\node_modules\express\lib\router\index.js:284:15
    at Function.process_params (C:\Users\Acer\OneDrive\Desktop\busresp\OnboardServer\node_modules\express\lib\router\index.js:346:12)
    at next (C:\Users\Acer\OneDrive\Desktop\busresp\OnboardServer\node_modules\express\lib\router\index.js:280:10)
    at Function.handle (C:\Users\Acer\OneDrive\Desktop\busresp\OnboardServer\node_modules\express\lib\router\index.js:175:3)
2024-05-09 22:15:28 error: Error: Please fill all the mandatory fields!! 
    Error: Error: Please fill all the mandatory fields!!
    at C:\Users\Acer\OneDrive\Desktop\busresp\OnboardServer\routes\api\v1\auth.js:120:11
    at C:\Users\Acer\OneDrive\Desktop\busresp\OnboardServer\helper\utility.js:27:5
    at Layer.handle [as handle_request] (C:\Users\Acer\OneDrive\Desktop\busresp\OnboardServer\node_modules\express\lib\router\layer.js:95:5)
    at next (C:\Users\Acer\OneDrive\Desktop\busresp\OnboardServer\node_modules\express\lib\router\route.js:144:13)
    at Route.dispatch (C:\Users\Acer\OneDrive\Desktop\busresp\OnboardServer\node_modules\express\lib\router\route.js:114:3)
    at Layer.handle [as handle_request] (C:\Users\Acer\OneDrive\Desktop\busresp\OnboardServer\node_modules\express\lib\router\layer.js:95:5)
    at C:\Users\Acer\OneDrive\Desktop\busresp\OnboardServer\node_modules\express\lib\router\index.js:284:15
    at Function.process_params (C:\Users\Acer\OneDrive\Desktop\busresp\OnboardServer\node_modules\express\lib\router\index.js:346:12)
    at next (C:\Users\Acer\OneDrive\Desktop\busresp\OnboardServer\node_modules\express\lib\router\index.js:280:10)
    at Function.handle (C:\Users\Acer\OneDrive\Desktop\busresp\OnboardServer\node_modules\express\lib\router\index.js:175:3)
2024-05-09 22:15:28 alert: Error: Please fill all the mandatory fields!! 
    Error: Error: Please fill all the mandatory fields!!
    at C:\Users\Acer\OneDrive\Desktop\busresp\OnboardServer\routes\api\v1\auth.js:120:11
    at C:\Users\Acer\OneDrive\Desktop\busresp\OnboardServer\helper\utility.js:27:5
    at Layer.handle [as handle_request] (C:\Users\Acer\OneDrive\Desktop\busresp\OnboardServer\node_modules\express\lib\router\layer.js:95:5)
    at next (C:\Users\Acer\OneDrive\Desktop\busresp\OnboardServer\node_modules\express\lib\router\route.js:144:13)
    at Route.dispatch (C:\Users\Acer\OneDrive\Desktop\busresp\OnboardServer\node_modules\express\lib\router\route.js:114:3)
    at Layer.handle [as handle_request] (C:\Users\Acer\OneDrive\Desktop\busresp\OnboardServer\node_modules\express\lib\router\layer.js:95:5)
    at C:\Users\Acer\OneDrive\Desktop\busresp\OnboardServer\node_modules\express\lib\router\index.js:284:15
    at Function.process_params (C:\Users\Acer\OneDrive\Desktop\busresp\OnboardServer\node_modules\express\lib\router\index.js:346:12)
    at next (C:\Users\Acer\OneDrive\Desktop\busresp\OnboardServer\node_modules\express\lib\router\index.js:280:10)
    at Function.handle (C:\Users\Acer\OneDrive\Desktop\busresp\OnboardServer\node_modules\express\lib\router\index.js:175:3)
2024-05-09 22:15:28 info: ::1 - - [09/May/2024:16:45:28 +0000] "POST /api/v1/auth/register/ HTTP/1.1" 400 84 "http://localhost:3000/" "Mozilla/5.0 (Windows NT 10.0; Win64; x64) AppleWebKit/537.36 (KHTML, like Gecko) Chrome/124.0.0.0 Safari/537.36"
 
2024-05-09 22:15:34 info: ::1 - - [09/May/2024:16:45:34 +0000] "OPTIONS /api/v1/auth/register/ HTTP/1.1" 204 0 "http://localhost:3000/" "Mozilla/5.0 (Windows NT 10.0; Win64; x64) AppleWebKit/537.36 (KHTML, like Gecko) Chrome/124.0.0.0 Safari/537.36"
 
2024-05-09 22:15:34 info: ::1 - - [09/May/2024:16:45:34 +0000] "POST /api/v1/auth/register/ HTTP/1.1" 200 109 "http://localhost:3000/" "Mozilla/5.0 (Windows NT 10.0; Win64; x64) AppleWebKit/537.36 (KHTML, like Gecko) Chrome/124.0.0.0 Safari/537.36"
 
2024-05-09 22:17:41 error: Unknown column 'vehicleModule' in 'field list' 
    Error
    at Query.run (C:\Users\Acer\OneDrive\Desktop\busresp\OnboardServer\node_modules\sequelize\lib\dialects\mysql\query.js:52:25)
    at C:\Users\Acer\OneDrive\Desktop\busresp\OnboardServer\node_modules\sequelize\lib\sequelize.js:315:28
    at process.processTicksAndRejections (node:internal/process/task_queues:95:5)
    at async MySQLQueryInterface.select (C:\Users\Acer\OneDrive\Desktop\busresp\OnboardServer\node_modules\sequelize\lib\dialects\abstract\query-interface.js:407:12)
    at async Vehicle.findAll (C:\Users\Acer\OneDrive\Desktop\busresp\OnboardServer\node_modules\sequelize\lib\model.js:1140:21)
    at async Vehicle.findOne (C:\Users\Acer\OneDrive\Desktop\busresp\OnboardServer\node_modules\sequelize\lib\model.js:1240:12)
    at async DeviceClient.<anonymous> (C:\Users\Acer\OneDrive\Desktop\busresp\OnboardServer\helper\mqtt.js:45:47)
2024-05-09 22:18:13 error: Unknown column 'vehicleModule' in 'field list' 
    Error
    at Query.run (C:\Users\Acer\OneDrive\Desktop\busresp\OnboardServer\node_modules\sequelize\lib\dialects\mysql\query.js:52:25)
    at C:\Users\Acer\OneDrive\Desktop\busresp\OnboardServer\node_modules\sequelize\lib\sequelize.js:315:28
    at process.processTicksAndRejections (node:internal/process/task_queues:95:5)
    at async MySQLQueryInterface.select (C:\Users\Acer\OneDrive\Desktop\busresp\OnboardServer\node_modules\sequelize\lib\dialects\abstract\query-interface.js:407:12)
    at async Vehicle.findAll (C:\Users\Acer\OneDrive\Desktop\busresp\OnboardServer\node_modules\sequelize\lib\model.js:1140:21)
    at async Vehicle.findOne (C:\Users\Acer\OneDrive\Desktop\busresp\OnboardServer\node_modules\sequelize\lib\model.js:1240:12)
    at async DeviceClient.<anonymous> (C:\Users\Acer\OneDrive\Desktop\busresp\OnboardServer\helper\mqtt.js:45:47)
2024-05-09 22:22:42 error: Unknown column 'vehicleModule' in 'field list' 
    Error
    at Query.run (C:\Users\Acer\OneDrive\Desktop\busresp\OnboardServer\node_modules\sequelize\lib\dialects\mysql\query.js:52:25)
    at C:\Users\Acer\OneDrive\Desktop\busresp\OnboardServer\node_modules\sequelize\lib\sequelize.js:315:28
    at process.processTicksAndRejections (node:internal/process/task_queues:95:5)
    at async MySQLQueryInterface.select (C:\Users\Acer\OneDrive\Desktop\busresp\OnboardServer\node_modules\sequelize\lib\dialects\abstract\query-interface.js:407:12)
    at async Vehicle.findAll (C:\Users\Acer\OneDrive\Desktop\busresp\OnboardServer\node_modules\sequelize\lib\model.js:1140:21)
    at async Vehicle.findOne (C:\Users\Acer\OneDrive\Desktop\busresp\OnboardServer\node_modules\sequelize\lib\model.js:1240:12)
    at async DeviceClient.<anonymous> (C:\Users\Acer\OneDrive\Desktop\busresp\OnboardServer\helper\mqtt.js:45:47)
2024-05-09 22:23:13 error: Unknown column 'vehicleModule' in 'field list' 
    Error
    at Query.run (C:\Users\Acer\OneDrive\Desktop\busresp\OnboardServer\node_modules\sequelize\lib\dialects\mysql\query.js:52:25)
    at C:\Users\Acer\OneDrive\Desktop\busresp\OnboardServer\node_modules\sequelize\lib\sequelize.js:315:28
    at process.processTicksAndRejections (node:internal/process/task_queues:95:5)
    at async MySQLQueryInterface.select (C:\Users\Acer\OneDrive\Desktop\busresp\OnboardServer\node_modules\sequelize\lib\dialects\abstract\query-interface.js:407:12)
    at async Vehicle.findAll (C:\Users\Acer\OneDrive\Desktop\busresp\OnboardServer\node_modules\sequelize\lib\model.js:1140:21)
    at async Vehicle.findOne (C:\Users\Acer\OneDrive\Desktop\busresp\OnboardServer\node_modules\sequelize\lib\model.js:1240:12)
    at async DeviceClient.<anonymous> (C:\Users\Acer\OneDrive\Desktop\busresp\OnboardServer\helper\mqtt.js:45:47)
2024-05-09 22:25:00 info: ::1 - - [09/May/2024:16:55:00 +0000] "OPTIONS /api/v1/auth/send_reset_password_email/ HTTP/1.1" 204 0 "http://localhost:3000/" "Mozilla/5.0 (Windows NT 10.0; Win64; x64) AppleWebKit/537.36 (KHTML, like Gecko) Chrome/124.0.0.0 Safari/537.36"
 
2024-05-09 22:25:00 error: Error: /auth/send_reset_password_email/ USER ID 
2024-05-09 22:25:00 info: ::1 - - [09/May/2024:16:55:00 +0000] "POST /api/v1/auth/send_reset_password_email/ HTTP/1.1" 404 69 "http://localhost:3000/" "Mozilla/5.0 (Windows NT 10.0; Win64; x64) AppleWebKit/537.36 (KHTML, like Gecko) Chrome/124.0.0.0 Safari/537.36"
 
2024-05-09 22:25:21 info: BODYYYYY: [object Object] 
2024-05-09 22:25:21 debug: login from nikhiltyagi.n17@gmail.com 
2024-05-09 22:25:21 info: ::1 - - [09/May/2024:16:55:21 +0000] "POST /api/v1/auth/login/ HTTP/1.1" 200 562 "http://localhost:3000/" "Mozilla/5.0 (Windows NT 10.0; Win64; x64) AppleWebKit/537.36 (KHTML, like Gecko) Chrome/124.0.0.0 Safari/537.36"
 
2024-05-09 22:25:24 info: ::1 - - [09/May/2024:16:55:24 +0000] "OPTIONS /api/v1/route/getVehicles?page=1&records=12 HTTP/1.1" 204 0 "http://localhost:3000/" "Mozilla/5.0 (Windows NT 10.0; Win64; x64) AppleWebKit/537.36 (KHTML, like Gecko) Chrome/124.0.0.0 Safari/537.36"
 
2024-05-09 22:25:24 info: Get vehicles 
2024-05-09 22:25:24 error: Unknown column 'Vehicle.vehicleType' in 'on clause' 
    Error
    at Query.run (C:\Users\Acer\OneDrive\Desktop\busresp\OnboardServer\node_modules\sequelize\lib\dialects\mysql\query.js:52:25)
    at C:\Users\Acer\OneDrive\Desktop\busresp\OnboardServer\node_modules\sequelize\lib\sequelize.js:315:28
    at process.processTicksAndRejections (node:internal/process/task_queues:95:5)
    at async MySQLQueryInterface.rawSelect (C:\Users\Acer\OneDrive\Desktop\busresp\OnboardServer\node_modules\sequelize\lib\dialects\abstract\query-interface.js:434:18)
    at async Vehicle.aggregate (C:\Users\Acer\OneDrive\Desktop\busresp\OnboardServer\node_modules\sequelize\lib\model.js:1277:19)
    at async Vehicle.count (C:\Users\Acer\OneDrive\Desktop\busresp\OnboardServer\node_modules\sequelize\lib\model.js:1306:20)
    at async Promise.all (index 0)
    at async Vehicle.findAndCountAll (C:\Users\Acer\OneDrive\Desktop\busresp\OnboardServer\node_modules\sequelize\lib\model.js:1322:27)
    at async main.getVehicles (C:\Users\Acer\OneDrive\Desktop\busresp\OnboardServer\controllers\route.controller.js:147:24)
    at async C:\Users\Acer\OneDrive\Desktop\busresp\OnboardServer\routes\api\v1\routeConfig.js:31:23
2024-05-09 22:33:41 info: Onboard Server is started and running at the port 5000 
2024-05-09 22:35:30 info: ::1 - - [09/May/2024:17:05:30 +0000] "OPTIONS /api/v1/route/getVehicles?page=1&records=12 HTTP/1.1" 204 0 "http://localhost:3000/" "Mozilla/5.0 (Windows NT 10.0; Win64; x64) AppleWebKit/537.36 (KHTML, like Gecko) Chrome/124.0.0.0 Safari/537.36"
 
2024-05-09 22:35:30 info: Get vehicles 
2024-05-09 22:35:30 error: Table 'onboard.vehicletypes' doesn't exist 
    Error
    at Query.run (C:\Users\Acer\OneDrive\Desktop\busresp\OnboardServer\node_modules\sequelize\lib\dialects\mysql\query.js:52:25)
    at C:\Users\Acer\OneDrive\Desktop\busresp\OnboardServer\node_modules\sequelize\lib\sequelize.js:315:28
    at process.processTicksAndRejections (node:internal/process/task_queues:95:5)
    at async MySQLQueryInterface.rawSelect (C:\Users\Acer\OneDrive\Desktop\busresp\OnboardServer\node_modules\sequelize\lib\dialects\abstract\query-interface.js:434:18)
    at async Vehicle.aggregate (C:\Users\Acer\OneDrive\Desktop\busresp\OnboardServer\node_modules\sequelize\lib\model.js:1277:19)
    at async Vehicle.count (C:\Users\Acer\OneDrive\Desktop\busresp\OnboardServer\node_modules\sequelize\lib\model.js:1306:20)
    at async Promise.all (index 0)
    at async Vehicle.findAndCountAll (C:\Users\Acer\OneDrive\Desktop\busresp\OnboardServer\node_modules\sequelize\lib\model.js:1322:27)
    at async main.getVehicles (C:\Users\Acer\OneDrive\Desktop\busresp\OnboardServer\controllers\route.controller.js:147:24)
    at async C:\Users\Acer\OneDrive\Desktop\busresp\OnboardServer\routes\api\v1\routeConfig.js:31:23
2024-05-09 22:49:20 info: Onboard Server is started and running at the port 5000 
2024-05-09 22:51:21 info: BODYYYYY: [object Object] 
2024-05-09 22:51:21 error: MISCONF Redis is configured to save RDB snapshots, but it is currently not able to persist on disk. Commands that may modify the data set are disabled, because this instance is configured to report errors during writes if RDB snapshotting fails (stop-writes-on-bgsave-error option). Please check the Redis logs for details about the RDB error. 
    ReplyError: MISCONF Redis is configured to save RDB snapshots, but it is currently not able to persist on disk. Commands that may modify the data set are disabled, because this instance is configured to report errors during writes if RDB snapshotting fails (stop-writes-on-bgsave-error option). Please check the Redis logs for details about the RDB error.
    at parseError (C:\Users\Acer\OneDrive\Desktop\busresp\OnboardServer\node_modules\redis-parser\lib\parser.js:179:12)
    at parseType (C:\Users\Acer\OneDrive\Desktop\busresp\OnboardServer\node_modules\redis-parser\lib\parser.js:302:14)
