2023-09-20 11:04:55 error: Unexpected token H in JSON at position 0 
    SyntaxError: Unexpected token H in JSON at position 0
    at JSON.parse (<anonymous>)
    at DeviceClient.<anonymous> (/media/keshav/New Volume/onboard_upgrade/01_Software/OnboardServer/helper/mqtt.js:33:26)
    at DeviceClient.emit (node:events:513:28)
    at MqttClient.<anonymous> (/media/keshav/New Volume/onboard_upgrade/01_Software/OnboardServer/node_modules/aws-iot-device-sdk/device/index.js:826:12)
    at MqttClient.emit (node:events:513:28)
    at MqttClient._handlePublish (/media/keshav/New Volume/onboard_upgrade/01_Software/OnboardServer/node_modules/aws-iot-device-sdk/node_modules/mqtt/lib/client.js:1277:12)
    at MqttClient._handlePacket (/media/keshav/New Volume/onboard_upgrade/01_Software/OnboardServer/node_modules/aws-iot-device-sdk/node_modules/mqtt/lib/client.js:410:12)
    at work (/media/keshav/New Volume/onboard_upgrade/01_Software/OnboardServer/node_modules/aws-iot-device-sdk/node_modules/mqtt/lib/client.js:321:12)
    at writable._write (/media/keshav/New Volume/onboard_upgrade/01_Software/OnboardServer/node_modules/aws-iot-device-sdk/node_modules/mqtt/lib/client.js:335:5)
    at doWrite (/media/keshav/New Volume/onboard_upgrade/01_Software/OnboardServer/node_modules/readable-stream/lib/_stream_writable.js:390:139)
2023-09-20 11:19:37 error: Unexpected token R in JSON at position 27 
    SyntaxError: Unexpected token R in JSON at position 27
    at JSON.parse (<anonymous>)
    at DeviceClient.<anonymous> (/media/keshav/New Volume/onboard_upgrade/01_Software/OnboardServer/helper/mqtt.js:33:26)
    at DeviceClient.emit (node:events:513:28)
    at MqttClient.<anonymous> (/media/keshav/New Volume/onboard_upgrade/01_Software/OnboardServer/node_modules/aws-iot-device-sdk/device/index.js:826:12)
    at MqttClient.emit (node:events:513:28)
    at MqttClient._handlePublish (/media/keshav/New Volume/onboard_upgrade/01_Software/OnboardServer/node_modules/aws-iot-device-sdk/node_modules/mqtt/lib/client.js:1277:12)
    at MqttClient._handlePacket (/media/keshav/New Volume/onboard_upgrade/01_Software/OnboardServer/node_modules/aws-iot-device-sdk/node_modules/mqtt/lib/client.js:410:12)
    at work (/media/keshav/New Volume/onboard_upgrade/01_Software/OnboardServer/node_modules/aws-iot-device-sdk/node_modules/mqtt/lib/client.js:321:12)
    at writable._write (/media/keshav/New Volume/onboard_upgrade/01_Software/OnboardServer/node_modules/aws-iot-device-sdk/node_modules/mqtt/lib/client.js:335:5)
    at doWrite (/media/keshav/New Volume/onboard_upgrade/01_Software/OnboardServer/node_modules/readable-stream/lib/_stream_writable.js:390:139)
2023-09-20 11:20:53 error: Unexpected token R in JSON at position 27 
    SyntaxError: Unexpected token R in JSON at position 27
    at JSON.parse (<anonymous>)
    at DeviceClient.<anonymous> (/media/keshav/New Volume/onboard_upgrade/01_Software/OnboardServer/helper/mqtt.js:33:26)
    at DeviceClient.emit (node:events:513:28)
    at MqttClient.<anonymous> (/media/keshav/New Volume/onboard_upgrade/01_Software/OnboardServer/node_modules/aws-iot-device-sdk/device/index.js:826:12)
    at MqttClient.emit (node:events:513:28)
    at MqttClient._handlePublish (/media/keshav/New Volume/onboard_upgrade/01_Software/OnboardServer/node_modules/aws-iot-device-sdk/node_modules/mqtt/lib/client.js:1277:12)
    at MqttClient._handlePacket (/media/keshav/New Volume/onboard_upgrade/01_Software/OnboardServer/node_modules/aws-iot-device-sdk/node_modules/mqtt/lib/client.js:410:12)
    at work (/media/keshav/New Volume/onboard_upgrade/01_Software/OnboardServer/node_modules/aws-iot-device-sdk/node_modules/mqtt/lib/client.js:321:12)
    at writable._write (/media/keshav/New Volume/onboard_upgrade/01_Software/OnboardServer/node_modules/aws-iot-device-sdk/node_modules/mqtt/lib/client.js:335:5)
    at doWrite (/media/keshav/New Volume/onboard_upgrade/01_Software/OnboardServer/node_modules/readable-stream/lib/_stream_writable.js:390:139)
2023-09-20 11:20:53 info: ::1 - - [20/Sep/2023:05:50:53 +0000] "OPTIONS /api/v1/route/getLogs?page=1&records=12 HTTP/1.1" 204 0 "http://localhost:3000/" "Mozilla/5.0 (X11; Linux x86_64) AppleWebKit/537.36 (KHTML, like Gecko) Chrome/116.0.0.0 Safari/537.36"
 
2023-09-20 11:20:53 info: Get vehicles 
2023-09-20 11:20:53 info: ::1 - - [20/Sep/2023:05:50:53 +0000] "POST /api/v1/route/getLogs?page=1&records=12 HTTP/1.1" 200 10122 "http://localhost:3000/" "Mozilla/5.0 (X11; Linux x86_64) AppleWebKit/537.36 (KHTML, like Gecko) Chrome/116.0.0.0 Safari/537.36"
 
2023-09-20 11:22:36 info: ::1 - - [20/Sep/2023:05:52:36 +0000] "OPTIONS /api/v1/route/getLogs?page=1&records=12 HTTP/1.1" 204 0 "http://localhost:3000/" "Mozilla/5.0 (X11; Linux x86_64) AppleWebKit/537.36 (KHTML, like Gecko) Chrome/116.0.0.0 Safari/537.36"
 
2023-09-20 11:22:36 info: Get vehicles 
2023-09-20 11:22:36 info: ::1 - - [20/Sep/2023:05:52:36 +0000] "POST /api/v1/route/getLogs?page=1&records=12 HTTP/1.1" 200 10122 "http://localhost:3000/" "Mozilla/5.0 (X11; Linux x86_64) AppleWebKit/537.36 (KHTML, like Gecko) Chrome/116.0.0.0 Safari/537.36"
 
2023-09-20 11:22:59 error: Unexpected token H in JSON at position 0 
    SyntaxError: Unexpected token H in JSON at position 0
    at JSON.parse (<anonymous>)
    at DeviceClient.<anonymous> (/media/keshav/New Volume/onboard_upgrade/01_Software/OnboardServer/helper/mqtt.js:33:26)
    at DeviceClient.emit (node:events:513:28)
    at MqttClient.<anonymous> (/media/keshav/New Volume/onboard_upgrade/01_Software/OnboardServer/node_modules/aws-iot-device-sdk/device/index.js:826:12)
    at MqttClient.emit (node:events:513:28)
    at MqttClient._handlePublish (/media/keshav/New Volume/onboard_upgrade/01_Software/OnboardServer/node_modules/aws-iot-device-sdk/node_modules/mqtt/lib/client.js:1277:12)
    at MqttClient._handlePacket (/media/keshav/New Volume/onboard_upgrade/01_Software/OnboardServer/node_modules/aws-iot-device-sdk/node_modules/mqtt/lib/client.js:410:12)
    at work (/media/keshav/New Volume/onboard_upgrade/01_Software/OnboardServer/node_modules/aws-iot-device-sdk/node_modules/mqtt/lib/client.js:321:12)
    at writable._write (/media/keshav/New Volume/onboard_upgrade/01_Software/OnboardServer/node_modules/aws-iot-device-sdk/node_modules/mqtt/lib/client.js:335:5)
    at doWrite (/media/keshav/New Volume/onboard_upgrade/01_Software/OnboardServer/node_modules/readable-stream/lib/_stream_writable.js:390:139)
2023-09-20 11:23:06 error: Unexpected token R in JSON at position 27 
    SyntaxError: Unexpected token R in JSON at position 27
    at JSON.parse (<anonymous>)
    at DeviceClient.<anonymous> (/media/keshav/New Volume/onboard_upgrade/01_Software/OnboardServer/helper/mqtt.js:33:26)
    at DeviceClient.emit (node:events:513:28)
    at MqttClient.<anonymous> (/media/keshav/New Volume/onboard_upgrade/01_Software/OnboardServer/node_modules/aws-iot-device-sdk/device/index.js:826:12)
    at MqttClient.emit (node:events:513:28)
    at MqttClient._handlePublish (/media/keshav/New Volume/onboard_upgrade/01_Software/OnboardServer/node_modules/aws-iot-device-sdk/node_modules/mqtt/lib/client.js:1277:12)
    at MqttClient._handlePacket (/media/keshav/New Volume/onboard_upgrade/01_Software/OnboardServer/node_modules/aws-iot-device-sdk/node_modules/mqtt/lib/client.js:410:12)
    at work (/media/keshav/New Volume/onboard_upgrade/01_Software/OnboardServer/node_modules/aws-iot-device-sdk/node_modules/mqtt/lib/client.js:321:12)
    at writable._write (/media/keshav/New Volume/onboard_upgrade/01_Software/OnboardServer/node_modules/aws-iot-device-sdk/node_modules/mqtt/lib/client.js:335:5)
    at doWrite (/media/keshav/New Volume/onboard_upgrade/01_Software/OnboardServer/node_modules/readable-stream/lib/_stream_writable.js:390:139)
2023-09-20 11:24:38 error: Unexpected token H in JSON at position 0 
    SyntaxError: Unexpected token H in JSON at position 0
    at JSON.parse (<anonymous>)
    at DeviceClient.<anonymous> (/media/keshav/New Volume/onboard_upgrade/01_Software/OnboardServer/helper/mqtt.js:33:26)
    at DeviceClient.emit (node:events:513:28)
    at MqttClient.<anonymous> (/media/keshav/New Volume/onboard_upgrade/01_Software/OnboardServer/node_modules/aws-iot-device-sdk/device/index.js:826:12)
    at MqttClient.emit (node:events:513:28)
    at MqttClient._handlePublish (/media/keshav/New Volume/onboard_upgrade/01_Software/OnboardServer/node_modules/aws-iot-device-sdk/node_modules/mqtt/lib/client.js:1277:12)
    at MqttClient._handlePacket (/media/keshav/New Volume/onboard_upgrade/01_Software/OnboardServer/node_modules/aws-iot-device-sdk/node_modules/mqtt/lib/client.js:410:12)
    at work (/media/keshav/New Volume/onboard_upgrade/01_Software/OnboardServer/node_modules/aws-iot-device-sdk/node_modules/mqtt/lib/client.js:321:12)
    at writable._write (/media/keshav/New Volume/onboard_upgrade/01_Software/OnboardServer/node_modules/aws-iot-device-sdk/node_modules/mqtt/lib/client.js:335:5)
    at doWrite (/media/keshav/New Volume/onboard_upgrade/01_Software/OnboardServer/node_modules/readable-stream/lib/_stream_writable.js:390:139)
2023-09-20 11:28:08 info: ::1 - - [20/Sep/2023:05:58:08 +0000] "OPTIONS /api/v1/route/getLogs?page=1&records=12 HTTP/1.1" 204 0 "http://localhost:3000/" "Mozilla/5.0 (X11; Linux x86_64) AppleWebKit/537.36 (KHTML, like Gecko) Chrome/116.0.0.0 Safari/537.36"
 
2023-09-20 11:28:08 info: Get vehicles 
2023-09-20 11:28:08 info: ::1 - - [20/Sep/2023:05:58:08 +0000] "POST /api/v1/route/getLogs?page=1&records=12 HTTP/1.1" 200 11091 "http://localhost:3000/" "Mozilla/5.0 (X11; Linux x86_64) AppleWebKit/537.36 (KHTML, like Gecko) Chrome/116.0.0.0 Safari/537.36"
 
2023-09-20 11:28:14 info: ::1 - - [20/Sep/2023:05:58:14 +0000] "OPTIONS /api/v1/route/getLogs?page=1&records=12 HTTP/1.1" 204 0 "http://localhost:3000/" "Mozilla/5.0 (X11; Linux x86_64) AppleWebKit/537.36 (KHTML, like Gecko) Chrome/116.0.0.0 Safari/537.36"
 
2023-09-20 11:28:14 info: Get vehicles 
2023-09-20 11:28:14 info: ::1 - - [20/Sep/2023:05:58:14 +0000] "POST /api/v1/route/getLogs?page=1&records=12 HTTP/1.1" 200 11331 "http://localhost:3000/" "Mozilla/5.0 (X11; Linux x86_64) AppleWebKit/537.36 (KHTML, like Gecko) Chrome/116.0.0.0 Safari/537.36"
 
2023-09-20 11:29:59 info: ::1 - - [20/Sep/2023:05:59:59 +0000] "OPTIONS /api/v1/route/getLogs?page=1&records=12 HTTP/1.1" 204 0 "http://localhost:3000/" "Mozilla/5.0 (X11; Linux x86_64) AppleWebKit/537.36 (KHTML, like Gecko) Chrome/116.0.0.0 Safari/537.36"
 
2023-09-20 11:29:59 info: Get vehicles 
2023-09-20 11:29:59 info: ::1 - - [20/Sep/2023:05:59:59 +0000] "POST /api/v1/route/getLogs?page=1&records=12 HTTP/1.1" 200 11813 "http://localhost:3000/" "Mozilla/5.0 (X11; Linux x86_64) AppleWebKit/537.36 (KHTML, like Gecko) Chrome/116.0.0.0 Safari/537.36"
 
2023-09-20 11:34:30 info: ::1 - - [20/Sep/2023:06:04:30 +0000] "OPTIONS /api/v1/route/getLogs?page=1&records=12 HTTP/1.1" 204 0 "http://localhost:3000/" "Mozilla/5.0 (X11; Linux x86_64) AppleWebKit/537.36 (KHTML, like Gecko) Chrome/116.0.0.0 Safari/537.36"
 
2023-09-20 11:34:30 info: Get vehicles 
2023-09-20 11:34:30 info: ::1 - - [20/Sep/2023:06:04:30 +0000] "POST /api/v1/route/getLogs?page=1&records=12 HTTP/1.1" 200 13017 "http://localhost:3000/" "Mozilla/5.0 (X11; Linux x86_64) AppleWebKit/537.36 (KHTML, like Gecko) Chrome/116.0.0.0 Safari/537.36"
 
2023-09-20 11:35:03 error: Unexpected token H in JSON at position 0 
    SyntaxError: Unexpected token H in JSON at position 0
    at JSON.parse (<anonymous>)
    at DeviceClient.<anonymous> (/media/keshav/New Volume/onboard_upgrade/01_Software/OnboardServer/helper/mqtt.js:33:26)
    at DeviceClient.emit (node:events:513:28)
    at MqttClient.<anonymous> (/media/keshav/New Volume/onboard_upgrade/01_Software/OnboardServer/node_modules/aws-iot-device-sdk/device/index.js:826:12)
    at MqttClient.emit (node:events:513:28)
    at MqttClient._handlePublish (/media/keshav/New Volume/onboard_upgrade/01_Software/OnboardServer/node_modules/aws-iot-device-sdk/node_modules/mqtt/lib/client.js:1277:12)
    at MqttClient._handlePacket (/media/keshav/New Volume/onboard_upgrade/01_Software/OnboardServer/node_modules/aws-iot-device-sdk/node_modules/mqtt/lib/client.js:410:12)
    at work (/media/keshav/New Volume/onboard_upgrade/01_Software/OnboardServer/node_modules/aws-iot-device-sdk/node_modules/mqtt/lib/client.js:321:12)
    at writable._write (/media/keshav/New Volume/onboard_upgrade/01_Software/OnboardServer/node_modules/aws-iot-device-sdk/node_modules/mqtt/lib/client.js:335:5)
    at doWrite (/media/keshav/New Volume/onboard_upgrade/01_Software/OnboardServer/node_modules/readable-stream/lib/_stream_writable.js:390:139)
2023-09-20 11:35:10 error: Unexpected token R in JSON at position 27 
    SyntaxError: Unexpected token R in JSON at position 27
    at JSON.parse (<anonymous>)
    at DeviceClient.<anonymous> (/media/keshav/New Volume/onboard_upgrade/01_Software/OnboardServer/helper/mqtt.js:33:26)
    at DeviceClient.emit (node:events:513:28)
    at MqttClient.<anonymous> (/media/keshav/New Volume/onboard_upgrade/01_Software/OnboardServer/node_modules/aws-iot-device-sdk/device/index.js:826:12)
    at MqttClient.emit (node:events:513:28)
    at MqttClient._handlePublish (/media/keshav/New Volume/onboard_upgrade/01_Software/OnboardServer/node_modules/aws-iot-device-sdk/node_modules/mqtt/lib/client.js:1277:12)
    at MqttClient._handlePacket (/media/keshav/New Volume/onboard_upgrade/01_Software/OnboardServer/node_modules/aws-iot-device-sdk/node_modules/mqtt/lib/client.js:410:12)
    at work (/media/keshav/New Volume/onboard_upgrade/01_Software/OnboardServer/node_modules/aws-iot-device-sdk/node_modules/mqtt/lib/client.js:321:12)
    at writable._write (/media/keshav/New Volume/onboard_upgrade/01_Software/OnboardServer/node_modules/aws-iot-device-sdk/node_modules/mqtt/lib/client.js:335:5)
    at doWrite (/media/keshav/New Volume/onboard_upgrade/01_Software/OnboardServer/node_modules/readable-stream/lib/_stream_writable.js:390:139)
2023-09-20 11:36:46 error: Unexpected token H in JSON at position 0 
    SyntaxError: Unexpected token H in JSON at position 0
    at JSON.parse (<anonymous>)
    at DeviceClient.<anonymous> (/media/keshav/New Volume/onboard_upgrade/01_Software/OnboardServer/helper/mqtt.js:33:26)
    at DeviceClient.emit (node:events:513:28)
    at MqttClient.<anonymous> (/media/keshav/New Volume/onboard_upgrade/01_Software/OnboardServer/node_modules/aws-iot-device-sdk/device/index.js:826:12)
    at MqttClient.emit (node:events:513:28)
    at MqttClient._handlePublish (/media/keshav/New Volume/onboard_upgrade/01_Software/OnboardServer/node_modules/aws-iot-device-sdk/node_modules/mqtt/lib/client.js:1277:12)
    at MqttClient._handlePacket (/media/keshav/New Volume/onboard_upgrade/01_Software/OnboardServer/node_modules/aws-iot-device-sdk/node_modules/mqtt/lib/client.js:410:12)
    at work (/media/keshav/New Volume/onboard_upgrade/01_Software/OnboardServer/node_modules/aws-iot-device-sdk/node_modules/mqtt/lib/client.js:321:12)
    at writable._write (/media/keshav/New Volume/onboard_upgrade/01_Software/OnboardServer/node_modules/aws-iot-device-sdk/node_modules/mqtt/lib/client.js:335:5)
    at doWrite (/media/keshav/New Volume/onboard_upgrade/01_Software/OnboardServer/node_modules/readable-stream/lib/_stream_writable.js:390:139)
2023-09-20 11:37:07 info: ::1 - - [20/Sep/2023:06:07:07 +0000] "OPTIONS /api/v1/route/getLogs?page=1&records=12 HTTP/1.1" 204 0 "http://localhost:3000/" "Mozilla/5.0 (X11; Linux x86_64) AppleWebKit/537.36 (KHTML, like Gecko) Chrome/116.0.0.0 Safari/537.36"
 
2023-09-20 11:37:07 info: Get vehicles 
2023-09-20 11:37:07 info: ::1 - - [20/Sep/2023:06:07:07 +0000] "POST /api/v1/route/getLogs?page=1&records=12 HTTP/1.1" 200 13017 "http://localhost:3000/" "Mozilla/5.0 (X11; Linux x86_64) AppleWebKit/537.36 (KHTML, like Gecko) Chrome/116.0.0.0 Safari/537.36"
 
2023-09-20 11:37:15 error: Unexpected token H in JSON at position 0 
    SyntaxError: Unexpected token H in JSON at position 0
    at JSON.parse (<anonymous>)
    at DeviceClient.<anonymous> (/media/keshav/New Volume/onboard_upgrade/01_Software/OnboardServer/helper/mqtt.js:33:26)
    at DeviceClient.emit (node:events:513:28)
    at MqttClient.<anonymous> (/media/keshav/New Volume/onboard_upgrade/01_Software/OnboardServer/node_modules/aws-iot-device-sdk/device/index.js:826:12)
    at MqttClient.emit (node:events:513:28)
    at MqttClient._handlePublish (/media/keshav/New Volume/onboard_upgrade/01_Software/OnboardServer/node_modules/aws-iot-device-sdk/node_modules/mqtt/lib/client.js:1277:12)
    at MqttClient._handlePacket (/media/keshav/New Volume/onboard_upgrade/01_Software/OnboardServer/node_modules/aws-iot-device-sdk/node_modules/mqtt/lib/client.js:410:12)
    at work (/media/keshav/New Volume/onboard_upgrade/01_Software/OnboardServer/node_modules/aws-iot-device-sdk/node_modules/mqtt/lib/client.js:321:12)
    at writable._write (/media/keshav/New Volume/onboard_upgrade/01_Software/OnboardServer/node_modules/aws-iot-device-sdk/node_modules/mqtt/lib/client.js:335:5)
    at doWrite (/media/keshav/New Volume/onboard_upgrade/01_Software/OnboardServer/node_modules/readable-stream/lib/_stream_writable.js:390:139)
2023-09-20 11:37:26 info: ::1 - - [20/Sep/2023:06:07:26 +0000] "OPTIONS /api/v1/route/getLogs?page=1&records=12 HTTP/1.1" 204 0 "http://localhost:3000/" "Mozilla/5.0 (X11; Linux x86_64) AppleWebKit/537.36 (KHTML, like Gecko) Chrome/116.0.0.0 Safari/537.36"
 
2023-09-20 11:37:26 info: Get vehicles 
2023-09-20 11:37:26 info: ::1 - - [20/Sep/2023:06:07:26 +0000] "POST /api/v1/route/getLogs?page=1&records=12 HTTP/1.1" 200 13017 "http://localhost:3000/" "Mozilla/5.0 (X11; Linux x86_64) AppleWebKit/537.36 (KHTML, like Gecko) Chrome/116.0.0.0 Safari/537.36"
 
2023-09-20 11:37:34 error: Unexpected token R in JSON at position 27 
    SyntaxError: Unexpected token R in JSON at position 27
    at JSON.parse (<anonymous>)
    at DeviceClient.<anonymous> (/media/keshav/New Volume/onboard_upgrade/01_Software/OnboardServer/helper/mqtt.js:33:26)
    at DeviceClient.emit (node:events:513:28)
    at MqttClient.<anonymous> (/media/keshav/New Volume/onboard_upgrade/01_Software/OnboardServer/node_modules/aws-iot-device-sdk/device/index.js:826:12)
    at MqttClient.emit (node:events:513:28)
    at MqttClient._handlePublish (/media/keshav/New Volume/onboard_upgrade/01_Software/OnboardServer/node_modules/aws-iot-device-sdk/node_modules/mqtt/lib/client.js:1277:12)
    at MqttClient._handlePacket (/media/keshav/New Volume/onboard_upgrade/01_Software/OnboardServer/node_modules/aws-iot-device-sdk/node_modules/mqtt/lib/client.js:410:12)
    at work (/media/keshav/New Volume/onboard_upgrade/01_Software/OnboardServer/node_modules/aws-iot-device-sdk/node_modules/mqtt/lib/client.js:321:12)
    at writable._write (/media/keshav/New Volume/onboard_upgrade/01_Software/OnboardServer/node_modules/aws-iot-device-sdk/node_modules/mqtt/lib/client.js:335:5)
    at doWrite (/media/keshav/New Volume/onboard_upgrade/01_Software/OnboardServer/node_modules/readable-stream/lib/_stream_writable.js:390:139)
2023-09-20 11:38:13 error: Unexpected token H in JSON at position 0 
    SyntaxError: Unexpected token H in JSON at position 0
    at JSON.parse (<anonymous>)
    at DeviceClient.<anonymous> (/media/keshav/New Volume/onboard_upgrade/01_Software/OnboardServer/helper/mqtt.js:33:26)
    at DeviceClient.emit (node:events:513:28)
    at MqttClient.<anonymous> (/media/keshav/New Volume/onboard_upgrade/01_Software/OnboardServer/node_modules/aws-iot-device-sdk/device/index.js:826:12)
    at MqttClient.emit (node:events:513:28)
    at MqttClient._handlePublish (/media/keshav/New Volume/onboard_upgrade/01_Software/OnboardServer/node_modules/aws-iot-device-sdk/node_modules/mqtt/lib/client.js:1277:12)
    at MqttClient._handlePacket (/media/keshav/New Volume/onboard_upgrade/01_Software/OnboardServer/node_modules/aws-iot-device-sdk/node_modules/mqtt/lib/client.js:410:12)
    at work (/media/keshav/New Volume/onboard_upgrade/01_Software/OnboardServer/node_modules/aws-iot-device-sdk/node_modules/mqtt/lib/client.js:321:12)
    at writable._write (/media/keshav/New Volume/onboard_upgrade/01_Software/OnboardServer/node_modules/aws-iot-device-sdk/node_modules/mqtt/lib/client.js:335:5)
    at doWrite (/media/keshav/New Volume/onboard_upgrade/01_Software/OnboardServer/node_modules/readable-stream/lib/_stream_writable.js:390:139)
2023-09-20 11:38:32 error: Unexpected token R in JSON at position 27 
    SyntaxError: Unexpected token R in JSON at position 27
    at JSON.parse (<anonymous>)
    at DeviceClient.<anonymous> (/media/keshav/New Volume/onboard_upgrade/01_Software/OnboardServer/helper/mqtt.js:33:26)
    at DeviceClient.emit (node:events:513:28)
    at MqttClient.<anonymous> (/media/keshav/New Volume/onboard_upgrade/01_Software/OnboardServer/node_modules/aws-iot-device-sdk/device/index.js:826:12)
    at MqttClient.emit (node:events:513:28)
    at MqttClient._handlePublish (/media/keshav/New Volume/onboard_upgrade/01_Software/OnboardServer/node_modules/aws-iot-device-sdk/node_modules/mqtt/lib/client.js:1277:12)
    at MqttClient._handlePacket (/media/keshav/New Volume/onboard_upgrade/01_Software/OnboardServer/node_modules/aws-iot-device-sdk/node_modules/mqtt/lib/client.js:410:12)
    at work (/media/keshav/New Volume/onboard_upgrade/01_Software/OnboardServer/node_modules/aws-iot-device-sdk/node_modules/mqtt/lib/client.js:321:12)
    at writable._write (/media/keshav/New Volume/onboard_upgrade/01_Software/OnboardServer/node_modules/aws-iot-device-sdk/node_modules/mqtt/lib/client.js:335:5)
    at doWrite (/media/keshav/New Volume/onboard_upgrade/01_Software/OnboardServer/node_modules/readable-stream/lib/_stream_writable.js:390:139)
2023-09-20 11:38:53 error: Unexpected token R in JSON at position 27 
    SyntaxError: Unexpected token R in JSON at position 27
    at JSON.parse (<anonymous>)
    at DeviceClient.<anonymous> (/media/keshav/New Volume/onboard_upgrade/01_Software/OnboardServer/helper/mqtt.js:33:26)
    at DeviceClient.emit (node:events:513:28)
    at MqttClient.<anonymous> (/media/keshav/New Volume/onboard_upgrade/01_Software/OnboardServer/node_modules/aws-iot-device-sdk/device/index.js:826:12)
    at MqttClient.emit (node:events:513:28)
    at MqttClient._handlePublish (/media/keshav/New Volume/onboard_upgrade/01_Software/OnboardServer/node_modules/aws-iot-device-sdk/node_modules/mqtt/lib/client.js:1277:12)
    at MqttClient._handlePacket (/media/keshav/New Volume/onboard_upgrade/01_Software/OnboardServer/node_modules/aws-iot-device-sdk/node_modules/mqtt/lib/client.js:410:12)
    at work (/media/keshav/New Volume/onboard_upgrade/01_Software/OnboardServer/node_modules/aws-iot-device-sdk/node_modules/mqtt/lib/client.js:321:12)
    at writable._write (/media/keshav/New Volume/onboard_upgrade/01_Software/OnboardServer/node_modules/aws-iot-device-sdk/node_modules/mqtt/lib/client.js:335:5)
    at doWrite (/media/keshav/New Volume/onboard_upgrade/01_Software/OnboardServer/node_modules/readable-stream/lib/_stream_writable.js:390:139)
2023-09-20 11:39:35 error: Unexpected token H in JSON at position 0 
    SyntaxError: Unexpected token H in JSON at position 0
    at JSON.parse (<anonymous>)
    at DeviceClient.<anonymous> (/media/keshav/New Volume/onboard_upgrade/01_Software/OnboardServer/helper/mqtt.js:33:26)
    at DeviceClient.emit (node:events:513:28)
    at MqttClient.<anonymous> (/media/keshav/New Volume/onboard_upgrade/01_Software/OnboardServer/node_modules/aws-iot-device-sdk/device/index.js:826:12)
    at MqttClient.emit (node:events:513:28)
    at MqttClient._handlePublish (/media/keshav/New Volume/onboard_upgrade/01_Software/OnboardServer/node_modules/aws-iot-device-sdk/node_modules/mqtt/lib/client.js:1277:12)
    at MqttClient._handlePacket (/media/keshav/New Volume/onboard_upgrade/01_Software/OnboardServer/node_modules/aws-iot-device-sdk/node_modules/mqtt/lib/client.js:410:12)
    at work (/media/keshav/New Volume/onboard_upgrade/01_Software/OnboardServer/node_modules/aws-iot-device-sdk/node_modules/mqtt/lib/client.js:321:12)
    at writable._write (/media/keshav/New Volume/onboard_upgrade/01_Software/OnboardServer/node_modules/aws-iot-device-sdk/node_modules/mqtt/lib/client.js:335:5)
    at doWrite (/media/keshav/New Volume/onboard_upgrade/01_Software/OnboardServer/node_modules/readable-stream/lib/_stream_writable.js:390:139)
2023-09-20 11:39:54 error: Unexpected token R in JSON at position 27 
    SyntaxError: Unexpected token R in JSON at position 27
    at JSON.parse (<anonymous>)
    at DeviceClient.<anonymous> (/media/keshav/New Volume/onboard_upgrade/01_Software/OnboardServer/helper/mqtt.js:33:26)
    at DeviceClient.emit (node:events:513:28)
    at MqttClient.<anonymous> (/media/keshav/New Volume/onboard_upgrade/01_Software/OnboardServer/node_modules/aws-iot-device-sdk/device/index.js:826:12)
    at MqttClient.emit (node:events:513:28)
    at MqttClient._handlePublish (/media/keshav/New Volume/onboard_upgrade/01_Software/OnboardServer/node_modules/aws-iot-device-sdk/node_modules/mqtt/lib/client.js:1277:12)
    at MqttClient._handlePacket (/media/keshav/New Volume/onboard_upgrade/01_Software/OnboardServer/node_modules/aws-iot-device-sdk/node_modules/mqtt/lib/client.js:410:12)
    at work (/media/keshav/New Volume/onboard_upgrade/01_Software/OnboardServer/node_modules/aws-iot-device-sdk/node_modules/mqtt/lib/client.js:321:12)
    at writable._write (/media/keshav/New Volume/onboard_upgrade/01_Software/OnboardServer/node_modules/aws-iot-device-sdk/node_modules/mqtt/lib/client.js:335:5)
    at doWrite (/media/keshav/New Volume/onboard_upgrade/01_Software/OnboardServer/node_modules/readable-stream/lib/_stream_writable.js:390:139)
2023-09-20 11:41:17 error: Unexpected token H in JSON at position 0 
    SyntaxError: Unexpected token H in JSON at position 0
    at JSON.parse (<anonymous>)
    at DeviceClient.<anonymous> (/media/keshav/New Volume/onboard_upgrade/01_Software/OnboardServer/helper/mqtt.js:33:26)
    at DeviceClient.emit (node:events:513:28)
    at MqttClient.<anonymous> (/media/keshav/New Volume/onboard_upgrade/01_Software/OnboardServer/node_modules/aws-iot-device-sdk/device/index.js:826:12)
    at MqttClient.emit (node:events:513:28)
    at MqttClient._handlePublish (/media/keshav/New Volume/onboard_upgrade/01_Software/OnboardServer/node_modules/aws-iot-device-sdk/node_modules/mqtt/lib/client.js:1277:12)
    at MqttClient._handlePacket (/media/keshav/New Volume/onboard_upgrade/01_Software/OnboardServer/node_modules/aws-iot-device-sdk/node_modules/mqtt/lib/client.js:410:12)
    at work (/media/keshav/New Volume/onboard_upgrade/01_Software/OnboardServer/node_modules/aws-iot-device-sdk/node_modules/mqtt/lib/client.js:321:12)
    at writable._write (/media/keshav/New Volume/onboard_upgrade/01_Software/OnboardServer/node_modules/aws-iot-device-sdk/node_modules/mqtt/lib/client.js:335:5)
    at doWrite (/media/keshav/New Volume/onboard_upgrade/01_Software/OnboardServer/node_modules/readable-stream/lib/_stream_writable.js:390:139)
2023-09-20 11:41:36 error: Unexpected token R in JSON at position 27 
    SyntaxError: Unexpected token R in JSON at position 27
    at JSON.parse (<anonymous>)
    at DeviceClient.<anonymous> (/media/keshav/New Volume/onboard_upgrade/01_Software/OnboardServer/helper/mqtt.js:33:26)
    at DeviceClient.emit (node:events:513:28)
    at MqttClient.<anonymous> (/media/keshav/New Volume/onboard_upgrade/01_Software/OnboardServer/node_modules/aws-iot-device-sdk/device/index.js:826:12)
    at MqttClient.emit (node:events:513:28)
    at MqttClient._handlePublish (/media/keshav/New Volume/onboard_upgrade/01_Software/OnboardServer/node_modules/aws-iot-device-sdk/node_modules/mqtt/lib/client.js:1277:12)
    at MqttClient._handlePacket (/media/keshav/New Volume/onboard_upgrade/01_Software/OnboardServer/node_modules/aws-iot-device-sdk/node_modules/mqtt/lib/client.js:410:12)
    at work (/media/keshav/New Volume/onboard_upgrade/01_Software/OnboardServer/node_modules/aws-iot-device-sdk/node_modules/mqtt/lib/client.js:321:12)
    at writable._write (/media/keshav/New Volume/onboard_upgrade/01_Software/OnboardServer/node_modules/aws-iot-device-sdk/node_modules/mqtt/lib/client.js:335:5)
    at doWrite (/media/keshav/New Volume/onboard_upgrade/01_Software/OnboardServer/node_modules/readable-stream/lib/_stream_writable.js:390:139)
2023-09-20 11:41:46 error: Unexpected token H in JSON at position 0 
    SyntaxError: Unexpected token H in JSON at position 0
    at JSON.parse (<anonymous>)
    at DeviceClient.<anonymous> (/media/keshav/New Volume/onboard_upgrade/01_Software/OnboardServer/helper/mqtt.js:33:26)
    at DeviceClient.emit (node:events:513:28)
    at MqttClient.<anonymous> (/media/keshav/New Volume/onboard_upgrade/01_Software/OnboardServer/node_modules/aws-iot-device-sdk/device/index.js:826:12)
    at MqttClient.emit (node:events:513:28)
    at MqttClient._handlePublish (/media/keshav/New Volume/onboard_upgrade/01_Software/OnboardServer/node_modules/aws-iot-device-sdk/node_modules/mqtt/lib/client.js:1277:12)
    at MqttClient._handlePacket (/media/keshav/New Volume/onboard_upgrade/01_Software/OnboardServer/node_modules/aws-iot-device-sdk/node_modules/mqtt/lib/client.js:410:12)
    at work (/media/keshav/New Volume/onboard_upgrade/01_Software/OnboardServer/node_modules/aws-iot-device-sdk/node_modules/mqtt/lib/client.js:321:12)
    at writable._write (/media/keshav/New Volume/onboard_upgrade/01_Software/OnboardServer/node_modules/aws-iot-device-sdk/node_modules/mqtt/lib/client.js:335:5)
    at doWrite (/media/keshav/New Volume/onboard_upgrade/01_Software/OnboardServer/node_modules/readable-stream/lib/_stream_writable.js:390:139)
2023-09-20 11:41:53 error: Unexpected token R in JSON at position 27 
    SyntaxError: Unexpected token R in JSON at position 27
    at JSON.parse (<anonymous>)
    at DeviceClient.<anonymous> (/media/keshav/New Volume/onboard_upgrade/01_Software/OnboardServer/helper/mqtt.js:33:26)
    at DeviceClient.emit (node:events:513:28)
    at MqttClient.<anonymous> (/media/keshav/New Volume/onboard_upgrade/01_Software/OnboardServer/node_modules/aws-iot-device-sdk/device/index.js:826:12)
    at MqttClient.emit (node:events:513:28)
    at MqttClient._handlePublish (/media/keshav/New Volume/onboard_upgrade/01_Software/OnboardServer/node_modules/aws-iot-device-sdk/node_modules/mqtt/lib/client.js:1277:12)
    at MqttClient._handlePacket (/media/keshav/New Volume/onboard_upgrade/01_Software/OnboardServer/node_modules/aws-iot-device-sdk/node_modules/mqtt/lib/client.js:410:12)
    at work (/media/keshav/New Volume/onboard_upgrade/01_Software/OnboardServer/node_modules/aws-iot-device-sdk/node_modules/mqtt/lib/client.js:321:12)
    at writable._write (/media/keshav/New Volume/onboard_upgrade/01_Software/OnboardServer/node_modules/aws-iot-device-sdk/node_modules/mqtt/lib/client.js:335:5)
    at doWrite (/media/keshav/New Volume/onboard_upgrade/01_Software/OnboardServer/node_modules/readable-stream/lib/_stream_writable.js:390:139)
2023-09-20 11:42:11 info: ::1 - - [20/Sep/2023:06:12:11 +0000] "OPTIONS /api/v1/route/getLogs?page=1&records=12 HTTP/1.1" 204 0 "http://localhost:3000/" "Mozilla/5.0 (X11; Linux x86_64) AppleWebKit/537.36 (KHTML, like Gecko) Chrome/116.0.0.0 Safari/537.36"
 
2023-09-20 11:42:11 info: Get vehicles 
2023-09-20 11:42:11 info: ::1 - - [20/Sep/2023:06:12:11 +0000] "POST /api/v1/route/getLogs?page=1&records=12 HTTP/1.1" 200 13256 "http://localhost:3000/" "Mozilla/5.0 (X11; Linux x86_64) AppleWebKit/537.36 (KHTML, like Gecko) Chrome/116.0.0.0 Safari/537.36"
 
2023-09-20 11:42:37 info: ::1 - - [20/Sep/2023:06:12:37 +0000] "OPTIONS /api/v1/route/getLogs?page=1&records=12 HTTP/1.1" 204 0 "http://localhost:3000/" "Mozilla/5.0 (X11; Linux x86_64) AppleWebKit/537.36 (KHTML, like Gecko) Chrome/116.0.0.0 Safari/537.36"
 
2023-09-20 11:42:37 info: Get vehicles 
2023-09-20 11:42:37 info: ::1 - - [20/Sep/2023:06:12:37 +0000] "POST /api/v1/route/getLogs?page=1&records=12 HTTP/1.1" 200 13495 "http://localhost:3000/" "Mozilla/5.0 (X11; Linux x86_64) AppleWebKit/537.36 (KHTML, like Gecko) Chrome/116.0.0.0 Safari/537.36"
 
2023-09-20 11:43:03 error: Unexpected token H in JSON at position 0 
    SyntaxError: Unexpected token H in JSON at position 0
    at JSON.parse (<anonymous>)
    at DeviceClient.<anonymous> (/media/keshav/New Volume/onboard_upgrade/01_Software/OnboardServer/helper/mqtt.js:33:26)
    at DeviceClient.emit (node:events:513:28)
    at MqttClient.<anonymous> (/media/keshav/New Volume/onboard_upgrade/01_Software/OnboardServer/node_modules/aws-iot-device-sdk/device/index.js:826:12)
    at MqttClient.emit (node:events:513:28)
    at MqttClient._handlePublish (/media/keshav/New Volume/onboard_upgrade/01_Software/OnboardServer/node_modules/aws-iot-device-sdk/node_modules/mqtt/lib/client.js:1277:12)
    at MqttClient._handlePacket (/media/keshav/New Volume/onboard_upgrade/01_Software/OnboardServer/node_modules/aws-iot-device-sdk/node_modules/mqtt/lib/client.js:410:12)
    at work (/media/keshav/New Volume/onboard_upgrade/01_Software/OnboardServer/node_modules/aws-iot-device-sdk/node_modules/mqtt/lib/client.js:321:12)
    at writable._write (/media/keshav/New Volume/onboard_upgrade/01_Software/OnboardServer/node_modules/aws-iot-device-sdk/node_modules/mqtt/lib/client.js:335:5)
    at doWrite (/media/keshav/New Volume/onboard_upgrade/01_Software/OnboardServer/node_modules/readable-stream/lib/_stream_writable.js:390:139)
2023-09-20 11:43:09 error: Unexpected token R in JSON at position 27 
    SyntaxError: Unexpected token R in JSON at position 27
    at JSON.parse (<anonymous>)
    at DeviceClient.<anonymous> (/media/keshav/New Volume/onboard_upgrade/01_Software/OnboardServer/helper/mqtt.js:33:26)
    at DeviceClient.emit (node:events:513:28)
    at MqttClient.<anonymous> (/media/keshav/New Volume/onboard_upgrade/01_Software/OnboardServer/node_modules/aws-iot-device-sdk/device/index.js:826:12)
    at MqttClient.emit (node:events:513:28)
    at MqttClient._handlePublish (/media/keshav/New Volume/onboard_upgrade/01_Software/OnboardServer/node_modules/aws-iot-device-sdk/node_modules/mqtt/lib/client.js:1277:12)
    at MqttClient._handlePacket (/media/keshav/New Volume/onboard_upgrade/01_Software/OnboardServer/node_modules/aws-iot-device-sdk/node_modules/mqtt/lib/client.js:410:12)
    at work (/media/keshav/New Volume/onboard_upgrade/01_Software/OnboardServer/node_modules/aws-iot-device-sdk/node_modules/mqtt/lib/client.js:321:12)
    at writable._write (/media/keshav/New Volume/onboard_upgrade/01_Software/OnboardServer/node_modules/aws-iot-device-sdk/node_modules/mqtt/lib/client.js:335:5)
    at doWrite (/media/keshav/New Volume/onboard_upgrade/01_Software/OnboardServer/node_modules/readable-stream/lib/_stream_writable.js:390:139)
2023-09-20 11:44:08 info: ::1 - - [20/Sep/2023:06:14:08 +0000] "OPTIONS /api/v1/route/getLogs?page=1&records=12 HTTP/1.1" 204 0 "http://localhost:3000/" "Mozilla/5.0 (X11; Linux x86_64) AppleWebKit/537.36 (KHTML, like Gecko) Chrome/116.0.0.0 Safari/537.36"
 
2023-09-20 11:44:08 info: Get vehicles 
2023-09-20 11:44:08 info: ::1 - - [20/Sep/2023:06:14:08 +0000] "POST /api/v1/route/getLogs?page=1&records=12 HTTP/1.1" 200 13973 "http://localhost:3000/" "Mozilla/5.0 (X11; Linux x86_64) AppleWebKit/537.36 (KHTML, like Gecko) Chrome/116.0.0.0 Safari/537.36"
 
2023-09-20 11:44:08 debug: The payload is not in appropriate format for topic::DL9C0011 & payload:: {"Bus ID":"DL9C0011","Date&Time":"23/09/20,11:43:05","Route No":"3232","Sig RSSI":-57,"Ack Time":62,"User ID":"4C923FC5AAC9","UserType":"Mobile App "} 
2023-09-20 11:44:12 info: Get vehicles 
2023-09-20 11:44:12 info: ::1 - - [20/Sep/2023:06:14:12 +0000] "POST /api/v1/route/getLogs?page=1&records=12 HTTP/1.1" 200 13973 "http://localhost:3000/" "Mozilla/5.0 (X11; Linux x86_64) AppleWebKit/537.36 (KHTML, like Gecko) Chrome/116.0.0.0 Safari/537.36"
 
2023-09-20 11:44:13 debug: The payload is not in appropriate format for topic::DL9C0011 & payload:: {"Bus ID":"DL9C0011","Date&Time":"23/09/20,11:44:07","Route No":"3232","Sig RSSI":-114,"Ack Time":63,"User ID":"4C923FC5AAC9","UserType":"Mobile App "} 
2023-09-20 11:44:14 info: ::1 - - [20/Sep/2023:06:14:14 +0000] "OPTIONS /api/v1/route/getLogs?page=1&records=12 HTTP/1.1" 204 0 "http://localhost:3000/" "Mozilla/5.0 (X11; Linux x86_64) AppleWebKit/537.36 (KHTML, like Gecko) Chrome/116.0.0.0 Safari/537.36"
 
2023-09-20 11:44:14 info: Get vehicles 
2023-09-20 11:44:14 info: ::1 - - [20/Sep/2023:06:14:14 +0000] "POST /api/v1/route/getLogs?page=1&records=12 HTTP/1.1" 200 13973 "http://localhost:3000/" "Mozilla/5.0 (X11; Linux x86_64) AppleWebKit/537.36 (KHTML, like Gecko) Chrome/116.0.0.0 Safari/537.36"
 
2023-09-20 11:44:14 info: Get vehicles 
2023-09-20 11:44:14 info: ::1 - - [20/Sep/2023:06:14:14 +0000] "POST /api/v1/route/getLogs?page=1&records=12 HTTP/1.1" 200 13973 "http://localhost:3000/" "Mozilla/5.0 (X11; Linux x86_64) AppleWebKit/537.36 (KHTML, like Gecko) Chrome/116.0.0.0 Safari/537.36"
 
2023-09-20 11:44:15 info: Get vehicles 
2023-09-20 11:44:15 info: ::1 - - [20/Sep/2023:06:14:15 +0000] "POST /api/v1/route/getLogs?page=1&records=12 HTTP/1.1" 200 13973 "http://localhost:3000/" "Mozilla/5.0 (X11; Linux x86_64) AppleWebKit/537.36 (KHTML, like Gecko) Chrome/116.0.0.0 Safari/537.36"
 
2023-09-20 11:44:16 info: Get vehicles 
2023-09-20 11:44:16 info: ::1 - - [20/Sep/2023:06:14:16 +0000] "POST /api/v1/route/getLogs?page=1&records=12 HTTP/1.1" 200 13973 "http://localhost:3000/" "Mozilla/5.0 (X11; Linux x86_64) AppleWebKit/537.36 (KHTML, like Gecko) Chrome/116.0.0.0 Safari/537.36"
 
2023-09-20 11:44:16 info: Get vehicles 
2023-09-20 11:44:16 info: ::1 - - [20/Sep/2023:06:14:16 +0000] "POST /api/v1/route/getLogs?page=1&records=12 HTTP/1.1" 200 13973 "http://localhost:3000/" "Mozilla/5.0 (X11; Linux x86_64) AppleWebKit/537.36 (KHTML, like Gecko) Chrome/116.0.0.0 Safari/537.36"
 
2023-09-20 11:44:17 info: Get vehicles 
2023-09-20 11:44:17 info: ::1 - - [20/Sep/2023:06:14:17 +0000] "POST /api/v1/route/getLogs?page=1&records=12 HTTP/1.1" 200 13973 "http://localhost:3000/" "Mozilla/5.0 (X11; Linux x86_64) AppleWebKit/537.36 (KHTML, like Gecko) Chrome/116.0.0.0 Safari/537.36"
 
2023-09-20 11:44:18 info: Get vehicles 
2023-09-20 11:44:18 info: ::1 - - [20/Sep/2023:06:14:18 +0000] "POST /api/v1/route/getLogs?page=1&records=12 HTTP/1.1" 200 13973 "http://localhost:3000/" "Mozilla/5.0 (X11; Linux x86_64) AppleWebKit/537.36 (KHTML, like Gecko) Chrome/116.0.0.0 Safari/537.36"
 
2023-09-20 11:44:19 info: ::1 - - [20/Sep/2023:06:14:19 +0000] "OPTIONS /api/v1/route/getLogs?page=1&records=12 HTTP/1.1" 204 0 "http://localhost:3000/" "Mozilla/5.0 (X11; Linux x86_64) AppleWebKit/537.36 (KHTML, like Gecko) Chrome/116.0.0.0 Safari/537.36"
 
2023-09-20 11:44:19 info: Get vehicles 
2023-09-20 11:44:19 info: ::1 - - [20/Sep/2023:06:14:19 +0000] "POST /api/v1/route/getLogs?page=1&records=12 HTTP/1.1" 200 13973 "http://localhost:3000/" "Mozilla/5.0 (X11; Linux x86_64) AppleWebKit/537.36 (KHTML, like Gecko) Chrome/116.0.0.0 Safari/537.36"
 
2023-09-20 11:44:22 info: Get vehicles 
2023-09-20 11:44:22 info: ::1 - - [20/Sep/2023:06:14:22 +0000] "POST /api/v1/route/getLogs?page=1&records=12 HTTP/1.1" 200 13973 "http://localhost:3000/" "Mozilla/5.0 (X11; Linux x86_64) AppleWebKit/537.36 (KHTML, like Gecko) Chrome/116.0.0.0 Safari/537.36"
 
2023-09-20 11:44:25 info: ::1 - - [20/Sep/2023:06:14:25 +0000] "OPTIONS /api/v1/route/getLogs?page=1&records=12 HTTP/1.1" 204 0 "http://localhost:3000/" "Mozilla/5.0 (X11; Linux x86_64) AppleWebKit/537.36 (KHTML, like Gecko) Chrome/116.0.0.0 Safari/537.36"
 
2023-09-20 11:44:25 info: Get vehicles 
2023-09-20 11:44:25 info: ::1 - - [20/Sep/2023:06:14:25 +0000] "POST /api/v1/route/getLogs?page=1&records=12 HTTP/1.1" 200 13973 "http://localhost:3000/" "Mozilla/5.0 (X11; Linux x86_64) AppleWebKit/537.36 (KHTML, like Gecko) Chrome/116.0.0.0 Safari/537.36"
 
2023-09-20 11:44:26 info: Get vehicles 
2023-09-20 11:44:26 info: ::1 - - [20/Sep/2023:06:14:26 +0000] "POST /api/v1/route/getLogs?page=1&records=12 HTTP/1.1" 200 13973 "http://localhost:3000/" "Mozilla/5.0 (X11; Linux x86_64) AppleWebKit/537.36 (KHTML, like Gecko) Chrome/116.0.0.0 Safari/537.36"
 
2023-09-20 11:44:26 info: Get vehicles 
2023-09-20 11:44:26 info: ::1 - - [20/Sep/2023:06:14:26 +0000] "POST /api/v1/route/getLogs?page=1&records=12 HTTP/1.1" 200 13973 "http://localhost:3000/" "Mozilla/5.0 (X11; Linux x86_64) AppleWebKit/537.36 (KHTML, like Gecko) Chrome/116.0.0.0 Safari/537.36"
 
2023-09-20 11:44:36 error: Unexpected token H in JSON at position 0 
    SyntaxError: Unexpected token H in JSON at position 0
    at JSON.parse (<anonymous>)
    at DeviceClient.<anonymous> (/media/keshav/New Volume/onboard_upgrade/01_Software/OnboardServer/helper/mqtt.js:33:26)
    at DeviceClient.emit (node:events:513:28)
    at MqttClient.<anonymous> (/media/keshav/New Volume/onboard_upgrade/01_Software/OnboardServer/node_modules/aws-iot-device-sdk/device/index.js:826:12)
    at MqttClient.emit (node:events:513:28)
    at MqttClient._handlePublish (/media/keshav/New Volume/onboard_upgrade/01_Software/OnboardServer/node_modules/aws-iot-device-sdk/node_modules/mqtt/lib/client.js:1277:12)
    at MqttClient._handlePacket (/media/keshav/New Volume/onboard_upgrade/01_Software/OnboardServer/node_modules/aws-iot-device-sdk/node_modules/mqtt/lib/client.js:410:12)
    at work (/media/keshav/New Volume/onboard_upgrade/01_Software/OnboardServer/node_modules/aws-iot-device-sdk/node_modules/mqtt/lib/client.js:321:12)
    at writable._write (/media/keshav/New Volume/onboard_upgrade/01_Software/OnboardServer/node_modules/aws-iot-device-sdk/node_modules/mqtt/lib/client.js:335:5)
    at doWrite (/media/keshav/New Volume/onboard_upgrade/01_Software/OnboardServer/node_modules/readable-stream/lib/_stream_writable.js:390:139)
2023-09-20 11:45:12 debug: The payload is not in appropriate format for topic::DL9C0011 & payload:: {"Bus ID":"DL9C0011","Date&Time":"23/09/20,11:44:12","Route No":"3232","Sig RSSI":-10301,"Ack Time":63,"User ID":"4C923FC5AAC9","UserType":"Mobile App "} 
2023-09-20 11:45:59 debug: The payload is not in appropriate format for topic::DL9C0011 & payload:: {"Bus ID":"DL9C0011","Date&Time":"23/09/20,11:45:11","Route No":"3232","Sig RSSI":-10262,"Ack Time":10803,"User ID":"23093000000U","UserType":"User Module"} 
2023-09-20 11:47:30 error: Unexpected token H in JSON at position 0 
    SyntaxError: Unexpected token H in JSON at position 0
    at JSON.parse (<anonymous>)
    at DeviceClient.<anonymous> (/media/keshav/New Volume/onboard_upgrade/01_Software/OnboardServer/helper/mqtt.js:33:26)
    at DeviceClient.emit (node:events:513:28)
    at MqttClient.<anonymous> (/media/keshav/New Volume/onboard_upgrade/01_Software/OnboardServer/node_modules/aws-iot-device-sdk/device/index.js:826:12)
    at MqttClient.emit (node:events:513:28)
    at MqttClient._handlePublish (/media/keshav/New Volume/onboard_upgrade/01_Software/OnboardServer/node_modules/aws-iot-device-sdk/node_modules/mqtt/lib/client.js:1277:12)
    at MqttClient._handlePacket (/media/keshav/New Volume/onboard_upgrade/01_Software/OnboardServer/node_modules/aws-iot-device-sdk/node_modules/mqtt/lib/client.js:410:12)
    at work (/media/keshav/New Volume/onboard_upgrade/01_Software/OnboardServer/node_modules/aws-iot-device-sdk/node_modules/mqtt/lib/client.js:321:12)
    at writable._write (/media/keshav/New Volume/onboard_upgrade/01_Software/OnboardServer/node_modules/aws-iot-device-sdk/node_modules/mqtt/lib/client.js:335:5)
    at doWrite (/media/keshav/New Volume/onboard_upgrade/01_Software/OnboardServer/node_modules/readable-stream/lib/_stream_writable.js:390:139)
2023-09-20 11:47:49 error: Unexpected token R in JSON at position 27 
    SyntaxError: Unexpected token R in JSON at position 27
    at JSON.parse (<anonymous>)
    at DeviceClient.<anonymous> (/media/keshav/New Volume/onboard_upgrade/01_Software/OnboardServer/helper/mqtt.js:33:26)
    at DeviceClient.emit (node:events:513:28)
    at MqttClient.<anonymous> (/media/keshav/New Volume/onboard_upgrade/01_Software/OnboardServer/node_modules/aws-iot-device-sdk/device/index.js:826:12)
    at MqttClient.emit (node:events:513:28)
    at MqttClient._handlePublish (/media/keshav/New Volume/onboard_upgrade/01_Software/OnboardServer/node_modules/aws-iot-device-sdk/node_modules/mqtt/lib/client.js:1277:12)
    at MqttClient._handlePacket (/media/keshav/New Volume/onboard_upgrade/01_Software/OnboardServer/node_modules/aws-iot-device-sdk/node_modules/mqtt/lib/client.js:410:12)
    at work (/media/keshav/New Volume/onboard_upgrade/01_Software/OnboardServer/node_modules/aws-iot-device-sdk/node_modules/mqtt/lib/client.js:321:12)
    at writable._write (/media/keshav/New Volume/onboard_upgrade/01_Software/OnboardServer/node_modules/aws-iot-device-sdk/node_modules/mqtt/lib/client.js:335:5)
    at doWrite (/media/keshav/New Volume/onboard_upgrade/01_Software/OnboardServer/node_modules/readable-stream/lib/_stream_writable.js:390:139)
2023-09-20 11:47:59 info: ::1 - - [20/Sep/2023:06:17:59 +0000] "OPTIONS /api/v1/route/getLogs?page=1&records=12 HTTP/1.1" 204 0 "http://localhost:3000/" "Mozilla/5.0 (X11; Linux x86_64) AppleWebKit/537.36 (KHTML, like Gecko) Chrome/116.0.0.0 Safari/537.36"
 
2023-09-20 11:47:59 info: Get vehicles 
2023-09-20 11:47:59 info: ::1 - - [20/Sep/2023:06:17:59 +0000] "POST /api/v1/route/getLogs?page=1&records=12 HTTP/1.1" 200 14688 "http://localhost:3000/" "Mozilla/5.0 (X11; Linux x86_64) AppleWebKit/537.36 (KHTML, like Gecko) Chrome/116.0.0.0 Safari/537.36"
 
2023-09-20 11:48:00 info: Get vehicles 
2023-09-20 11:48:00 info: ::1 - - [20/Sep/2023:06:18:00 +0000] "POST /api/v1/route/getLogs?page=1&records=12 HTTP/1.1" 200 14688 "http://localhost:3000/" "Mozilla/5.0 (X11; Linux x86_64) AppleWebKit/537.36 (KHTML, like Gecko) Chrome/116.0.0.0 Safari/537.36"
 
2023-09-20 11:49:12 error: Unexpected token H in JSON at position 0 
    SyntaxError: Unexpected token H in JSON at position 0
    at JSON.parse (<anonymous>)
    at DeviceClient.<anonymous> (/media/keshav/New Volume/onboard_upgrade/01_Software/OnboardServer/helper/mqtt.js:33:26)
    at DeviceClient.emit (node:events:513:28)
    at MqttClient.<anonymous> (/media/keshav/New Volume/onboard_upgrade/01_Software/OnboardServer/node_modules/aws-iot-device-sdk/device/index.js:826:12)
    at MqttClient.emit (node:events:513:28)
    at MqttClient._handlePublish (/media/keshav/New Volume/onboard_upgrade/01_Software/OnboardServer/node_modules/aws-iot-device-sdk/node_modules/mqtt/lib/client.js:1277:12)
    at MqttClient._handlePacket (/media/keshav/New Volume/onboard_upgrade/01_Software/OnboardServer/node_modules/aws-iot-device-sdk/node_modules/mqtt/lib/client.js:410:12)
    at work (/media/keshav/New Volume/onboard_upgrade/01_Software/OnboardServer/node_modules/aws-iot-device-sdk/node_modules/mqtt/lib/client.js:321:12)
    at writable._write (/media/keshav/New Volume/onboard_upgrade/01_Software/OnboardServer/node_modules/aws-iot-device-sdk/node_modules/mqtt/lib/client.js:335:5)
    at doWrite (/media/keshav/New Volume/onboard_upgrade/01_Software/OnboardServer/node_modules/readable-stream/lib/_stream_writable.js:390:139)
2023-09-20 11:49:30 error: Unexpected token R in JSON at position 27 
    SyntaxError: Unexpected token R in JSON at position 27
    at JSON.parse (<anonymous>)
    at DeviceClient.<anonymous> (/media/keshav/New Volume/onboard_upgrade/01_Software/OnboardServer/helper/mqtt.js:33:26)
    at DeviceClient.emit (node:events:513:28)
    at MqttClient.<anonymous> (/media/keshav/New Volume/onboard_upgrade/01_Software/OnboardServer/node_modules/aws-iot-device-sdk/device/index.js:826:12)
    at MqttClient.emit (node:events:513:28)
    at MqttClient._handlePublish (/media/keshav/New Volume/onboard_upgrade/01_Software/OnboardServer/node_modules/aws-iot-device-sdk/node_modules/mqtt/lib/client.js:1277:12)
    at MqttClient._handlePacket (/media/keshav/New Volume/onboard_upgrade/01_Software/OnboardServer/node_modules/aws-iot-device-sdk/node_modules/mqtt/lib/client.js:410:12)
    at work (/media/keshav/New Volume/onboard_upgrade/01_Software/OnboardServer/node_modules/aws-iot-device-sdk/node_modules/mqtt/lib/client.js:321:12)
    at writable._write (/media/keshav/New Volume/onboard_upgrade/01_Software/OnboardServer/node_modules/aws-iot-device-sdk/node_modules/mqtt/lib/client.js:335:5)
    at doWrite (/media/keshav/New Volume/onboard_upgrade/01_Software/OnboardServer/node_modules/readable-stream/lib/_stream_writable.js:390:139)
2023-09-20 11:50:03 debug: The payload is not in appropriate format for topic::DL9C0011 & payload:: {"Bus ID":"DL9C0011","Date&Time":"23/09/20,11:45:58","Route No":"3232","Sig RSSI":-10242,"Ack Time":63,"User ID":"26091515872U","UserType":"User Module"} 
2023-09-20 11:50:17 info: ::1 - - [20/Sep/2023:06:20:17 +0000] "OPTIONS /api/v1/route/getLogs?page=1&records=12 HTTP/1.1" 204 0 "http://localhost:3000/" "Mozilla/5.0 (X11; Linux x86_64) AppleWebKit/537.36 (KHTML, like Gecko) Chrome/116.0.0.0 Safari/537.36"
 
2023-09-20 11:50:17 info: Get vehicles 
2023-09-20 11:50:17 info: ::1 - - [20/Sep/2023:06:20:17 +0000] "POST /api/v1/route/getLogs?page=1&records=12 HTTP/1.1" 200 14926 "http://localhost:3000/" "Mozilla/5.0 (X11; Linux x86_64) AppleWebKit/537.36 (KHTML, like Gecko) Chrome/116.0.0.0 Safari/537.36"
 
2023-09-20 11:50:19 debug: The payload is not in appropriate format for topic::DL9C0011 & payload:: {"Bus ID":"DL9C0011","Date&Time":"23/09/20,11:50:02","Route No":"3232","Sig RSSI":-10304,"Ack Time":63,"User ID":"560828D17729","UserType":"Mobile App "} 
2023-09-20 11:50:32 info: ::1 - - [20/Sep/2023:06:20:32 +0000] "OPTIONS /api/v1/route/getLogs?page=1&records=12 HTTP/1.1" 204 0 "http://localhost:3000/" "Mozilla/5.0 (X11; Linux x86_64) AppleWebKit/537.36 (KHTML, like Gecko) Chrome/116.0.0.0 Safari/537.36"
 
2023-09-20 11:50:32 info: Get vehicles 
2023-09-20 11:50:32 info: ::1 - - [20/Sep/2023:06:20:32 +0000] "POST /api/v1/route/getLogs?page=1&records=12 HTTP/1.1" 200 14926 "http://localhost:3000/" "Mozilla/5.0 (X11; Linux x86_64) AppleWebKit/537.36 (KHTML, like Gecko) Chrome/116.0.0.0 Safari/537.36"
 
2023-09-20 11:50:37 debug: The payload is not in appropriate format for topic::DL9C0011 & payload:: {"Bus ID":"DL9C0011","Date&Time":"23/09/20,11:50:17","Route No":"3232","Sig RSSI":-10302,"Ack Time":63,"User ID":"560828D17729","UserType":"Mobile App "} 
2023-09-20 11:50:47 error: Unexpected token H in JSON at position 0 
    SyntaxError: Unexpected token H in JSON at position 0
    at JSON.parse (<anonymous>)
    at DeviceClient.<anonymous> (/media/keshav/New Volume/onboard_upgrade/01_Software/OnboardServer/helper/mqtt.js:33:26)
    at DeviceClient.emit (node:events:513:28)
    at MqttClient.<anonymous> (/media/keshav/New Volume/onboard_upgrade/01_Software/OnboardServer/node_modules/aws-iot-device-sdk/device/index.js:826:12)
    at MqttClient.emit (node:events:513:28)
    at MqttClient._handlePublish (/media/keshav/New Volume/onboard_upgrade/01_Software/OnboardServer/node_modules/aws-iot-device-sdk/node_modules/mqtt/lib/client.js:1277:12)
    at MqttClient._handlePacket (/media/keshav/New Volume/onboard_upgrade/01_Software/OnboardServer/node_modules/aws-iot-device-sdk/node_modules/mqtt/lib/client.js:410:12)
    at work (/media/keshav/New Volume/onboard_upgrade/01_Software/OnboardServer/node_modules/aws-iot-device-sdk/node_modules/mqtt/lib/client.js:321:12)
    at writable._write (/media/keshav/New Volume/onboard_upgrade/01_Software/OnboardServer/node_modules/aws-iot-device-sdk/node_modules/mqtt/lib/client.js:335:5)
    at doWrite (/media/keshav/New Volume/onboard_upgrade/01_Software/OnboardServer/node_modules/readable-stream/lib/_stream_writable.js:390:139)
2023-09-20 11:51:03 debug: The payload is not in appropriate format for topic::DL9C0011 & payload:: {"Bus ID":"DL9C0011","Date&Time":"23/09/20,11:50:35","Route No":"3232","Sig RSSI":-10302,"Ack Time":63,"User ID":"608250BFBDA9","UserType":"Mobile App "} 
2023-09-20 11:52:42 debug: The payload is not in appropriate format for topic::DL9C0011 & payload:: {"Bus ID":"DL9C0011","Date&Time":"23/09/20,11:51:02","Route No":"3232","Sig RSSI":-10250,"Ack Time":63,"User ID":"608250BFBDA9","UserType":"Mobile App "} 
2023-09-20 11:53:24 debug: The payload is not in appropriate format for topic::DL9C0011 & payload:: {"Bus ID":"DL9C0011","Date&Time":"23/09/20,11:52:40","Route No":"3232","Sig RSSI":-10306,"Ack Time":63,"User ID":"48CEEEB14E3B","UserType":"Mobile App "} 
2023-09-20 11:53:50 error: Unexpected token H in JSON at position 0 
    SyntaxError: Unexpected token H in JSON at position 0
    at JSON.parse (<anonymous>)
    at DeviceClient.<anonymous> (/media/keshav/New Volume/onboard_upgrade/01_Software/OnboardServer/helper/mqtt.js:33:26)
    at DeviceClient.emit (node:events:513:28)
    at MqttClient.<anonymous> (/media/keshav/New Volume/onboard_upgrade/01_Software/OnboardServer/node_modules/aws-iot-device-sdk/device/index.js:826:12)
    at MqttClient.emit (node:events:513:28)
    at MqttClient._handlePublish (/media/keshav/New Volume/onboard_upgrade/01_Software/OnboardServer/node_modules/aws-iot-device-sdk/node_modules/mqtt/lib/client.js:1277:12)
    at MqttClient._handlePacket (/media/keshav/New Volume/onboard_upgrade/01_Software/OnboardServer/node_modules/aws-iot-device-sdk/node_modules/mqtt/lib/client.js:410:12)
    at work (/media/keshav/New Volume/onboard_upgrade/01_Software/OnboardServer/node_modules/aws-iot-device-sdk/node_modules/mqtt/lib/client.js:321:12)
    at writable._write (/media/keshav/New Volume/onboard_upgrade/01_Software/OnboardServer/node_modules/aws-iot-device-sdk/node_modules/mqtt/lib/client.js:335:5)
    at doWrite (/media/keshav/New Volume/onboard_upgrade/01_Software/OnboardServer/node_modules/readable-stream/lib/_stream_writable.js:390:139)
2023-09-20 11:53:58 debug: The payload is not in appropriate format for topic::DL9C0011 & payload:: {"Bus ID":"DL9C0011","Date&Time":"23/09/20,11:53:22","Route No":"3232","Sig RSSI":-10300,"Ack Time":63,"User ID":"48CEEEB14E3B","UserType":"Mobile App "} 
2023-09-20 11:54:53 debug: The payload is not in appropriate format for topic::DL9C0011 & payload:: {"Bus ID":"DL9C0011","Date&Time":"23/09/20,11:53:56","Route No":"3232","Sig RSSI":-10299,"Ack Time":62,"User ID":"48CEEEB14E3B","UserType":"Mobile App "} 
2023-09-20 11:55:26 error: Unexpected token H in JSON at position 0 
    SyntaxError: Unexpected token H in JSON at position 0
    at JSON.parse (<anonymous>)
    at DeviceClient.<anonymous> (/media/keshav/New Volume/onboard_upgrade/01_Software/OnboardServer/helper/mqtt.js:33:26)
    at DeviceClient.emit (node:events:513:28)
    at MqttClient.<anonymous> (/media/keshav/New Volume/onboard_upgrade/01_Software/OnboardServer/node_modules/aws-iot-device-sdk/device/index.js:826:12)
    at MqttClient.emit (node:events:513:28)
    at MqttClient._handlePublish (/media/keshav/New Volume/onboard_upgrade/01_Software/OnboardServer/node_modules/aws-iot-device-sdk/node_modules/mqtt/lib/client.js:1277:12)
    at MqttClient._handlePacket (/media/keshav/New Volume/onboard_upgrade/01_Software/OnboardServer/node_modules/aws-iot-device-sdk/node_modules/mqtt/lib/client.js:410:12)
    at work (/media/keshav/New Volume/onboard_upgrade/01_Software/OnboardServer/node_modules/aws-iot-device-sdk/node_modules/mqtt/lib/client.js:321:12)
    at writable._write (/media/keshav/New Volume/onboard_upgrade/01_Software/OnboardServer/node_modules/aws-iot-device-sdk/node_modules/mqtt/lib/client.js:335:5)
    at doWrite (/media/keshav/New Volume/onboard_upgrade/01_Software/OnboardServer/node_modules/readable-stream/lib/_stream_writable.js:390:139)
2023-09-20 11:56:36 error: Unexpected token H in JSON at position 0 
    SyntaxError: Unexpected token H in JSON at position 0
    at JSON.parse (<anonymous>)
    at DeviceClient.<anonymous> (/media/keshav/New Volume/onboard_upgrade/01_Software/OnboardServer/helper/mqtt.js:33:26)
    at DeviceClient.emit (node:events:513:28)
    at MqttClient.<anonymous> (/media/keshav/New Volume/onboard_upgrade/01_Software/OnboardServer/node_modules/aws-iot-device-sdk/device/index.js:826:12)
    at MqttClient.emit (node:events:513:28)
    at MqttClient._handlePublish (/media/keshav/New Volume/onboard_upgrade/01_Software/OnboardServer/node_modules/aws-iot-device-sdk/node_modules/mqtt/lib/client.js:1277:12)
    at MqttClient._handlePacket (/media/keshav/New Volume/onboard_upgrade/01_Software/OnboardServer/node_modules/aws-iot-device-sdk/node_modules/mqtt/lib/client.js:410:12)
    at work (/media/keshav/New Volume/onboard_upgrade/01_Software/OnboardServer/node_modules/aws-iot-device-sdk/node_modules/mqtt/lib/client.js:321:12)
    at writable._write (/media/keshav/New Volume/onboard_upgrade/01_Software/OnboardServer/node_modules/aws-iot-device-sdk/node_modules/mqtt/lib/client.js:335:5)
    at doWrite (/media/keshav/New Volume/onboard_upgrade/01_Software/OnboardServer/node_modules/readable-stream/lib/_stream_writable.js:390:139)
2023-09-20 11:56:39 info: ::1 - - [20/Sep/2023:06:26:39 +0000] "OPTIONS /api/v1/route/getVehicles?page=1&records=12 HTTP/1.1" 204 0 "http://localhost:3000/" "Mozilla/5.0 (X11; Linux x86_64) AppleWebKit/537.36 (KHTML, like Gecko) Chrome/116.0.0.0 Safari/537.36"
 
2023-09-20 11:56:39 info: Get vehicles 
2023-09-20 11:56:39 info: ::1 - - [20/Sep/2023:06:26:39 +0000] "POST /api/v1/route/getVehicles?page=1&records=12 HTTP/1.1" 200 982 "http://localhost:3000/" "Mozilla/5.0 (X11; Linux x86_64) AppleWebKit/537.36 (KHTML, like Gecko) Chrome/116.0.0.0 Safari/537.36"
 
2023-09-20 11:56:55 error: Unexpected token H in JSON at position 0 
    SyntaxError: Unexpected token H in JSON at position 0
    at JSON.parse (<anonymous>)
    at DeviceClient.<anonymous> (/media/keshav/New Volume/onboard_upgrade/01_Software/OnboardServer/helper/mqtt.js:33:26)
    at DeviceClient.emit (node:events:513:28)
    at MqttClient.<anonymous> (/media/keshav/New Volume/onboard_upgrade/01_Software/OnboardServer/node_modules/aws-iot-device-sdk/device/index.js:826:12)
    at MqttClient.emit (node:events:513:28)
    at MqttClient._handlePublish (/media/keshav/New Volume/onboard_upgrade/01_Software/OnboardServer/node_modules/aws-iot-device-sdk/node_modules/mqtt/lib/client.js:1277:12)
    at MqttClient._handlePacket (/media/keshav/New Volume/onboard_upgrade/01_Software/OnboardServer/node_modules/aws-iot-device-sdk/node_modules/mqtt/lib/client.js:410:12)
    at work (/media/keshav/New Volume/onboard_upgrade/01_Software/OnboardServer/node_modules/aws-iot-device-sdk/node_modules/mqtt/lib/client.js:321:12)
    at writable._write (/media/keshav/New Volume/onboard_upgrade/01_Software/OnboardServer/node_modules/aws-iot-device-sdk/node_modules/mqtt/lib/client.js:335:5)
    at doWrite (/media/keshav/New Volume/onboard_upgrade/01_Software/OnboardServer/node_modules/readable-stream/lib/_stream_writable.js:390:139)
2023-09-20 11:57:14 error: Unexpected token R in JSON at position 27 
    SyntaxError: Unexpected token R in JSON at position 27
    at JSON.parse (<anonymous>)
    at DeviceClient.<anonymous> (/media/keshav/New Volume/onboard_upgrade/01_Software/OnboardServer/helper/mqtt.js:33:26)
    at DeviceClient.emit (node:events:513:28)
    at MqttClient.<anonymous> (/media/keshav/New Volume/onboard_upgrade/01_Software/OnboardServer/node_modules/aws-iot-device-sdk/device/index.js:826:12)
    at MqttClient.emit (node:events:513:28)
    at MqttClient._handlePublish (/media/keshav/New Volume/onboard_upgrade/01_Software/OnboardServer/node_modules/aws-iot-device-sdk/node_modules/mqtt/lib/client.js:1277:12)
    at MqttClient._handlePacket (/media/keshav/New Volume/onboard_upgrade/01_Software/OnboardServer/node_modules/aws-iot-device-sdk/node_modules/mqtt/lib/client.js:410:12)
    at work (/media/keshav/New Volume/onboard_upgrade/01_Software/OnboardServer/node_modules/aws-iot-device-sdk/node_modules/mqtt/lib/client.js:321:12)
    at writable._write (/media/keshav/New Volume/onboard_upgrade/01_Software/OnboardServer/node_modules/aws-iot-device-sdk/node_modules/mqtt/lib/client.js:335:5)
    at doWrite (/media/keshav/New Volume/onboard_upgrade/01_Software/OnboardServer/node_modules/readable-stream/lib/_stream_writable.js:390:139)
