2024-05-16 22:08:10 info: ::1 - - [16/May/2024:16:38:10 +0000] "OPTIONS /api/v1/route/getRoutes?page=1&records=100 HTTP/1.1" 204 0 "http://localhost:3000/" "Mozilla/5.0 (Windows NT 10.0; Win64; x64) AppleWebKit/537.36 (KHTML, like Gecko) Chrome/124.0.0.0 Safari/537.36"
 
2024-05-16 22:08:10 info: Get vehicles 
2024-05-16 22:08:10 info: ::1 - - [16/May/2024:16:38:10 +0000] "POST /api/v1/route/getRoutes?page=1&records=100 HTTP/1.1" 200 2186 "http://localhost:3000/" "Mozilla/5.0 (Windows NT 10.0; Win64; x64) AppleWebKit/537.36 (KHTML, like Gecko) Chrome/124.0.0.0 Safari/537.36"
 
2024-05-16 22:20:16 error: Unexpected token H in JSON at position 0 
    SyntaxError: Unexpected token H in JSON at position 0
    at JSON.parse (<anonymous>)
    at DeviceClient.<anonymous> (C:\Users\Acer\OneDrive\Desktop\busresp\OnboardServer\helper\mqtt.js:38:26)
    at DeviceClient.emit (node:events:514:28)
    at MqttClient.<anonymous> (C:\Users\Acer\OneDrive\Desktop\busresp\OnboardServer\node_modules\aws-iot-device-sdk\device\index.js:826:12)
    at MqttClient.emit (node:events:514:28)
    at MqttClient._handlePublish (C:\Users\Acer\OneDrive\Desktop\busresp\OnboardServer\node_modules\aws-iot-device-sdk\node_modules\mqtt\lib\client.js:1277:12)
    at MqttClient._handlePacket (C:\Users\Acer\OneDrive\Desktop\busresp\OnboardServer\node_modules\aws-iot-device-sdk\node_modules\mqtt\lib\client.js:410:12)
    at work (C:\Users\Acer\OneDrive\Desktop\busresp\OnboardServer\node_modules\aws-iot-device-sdk\node_modules\mqtt\lib\client.js:321:12)
    at writable._write (C:\Users\Acer\OneDrive\Desktop\busresp\OnboardServer\node_modules\aws-iot-device-sdk\node_modules\mqtt\lib\client.js:335:5)
    at doWrite (C:\Users\Acer\OneDrive\Desktop\busresp\OnboardServer\node_modules\readable-stream\lib\_stream_writable.js:390:139)
2024-05-16 22:56:05 error: Unexpected token H in JSON at position 0 
    SyntaxError: Unexpected token H in JSON at position 0
    at JSON.parse (<anonymous>)
    at DeviceClient.<anonymous> (C:\Users\Acer\OneDrive\Desktop\busresp\OnboardServer\helper\mqtt.js:38:26)
    at DeviceClient.emit (node:events:514:28)
    at MqttClient.<anonymous> (C:\Users\Acer\OneDrive\Desktop\busresp\OnboardServer\node_modules\aws-iot-device-sdk\device\index.js:826:12)
    at MqttClient.emit (node:events:514:28)
    at MqttClient._handlePublish (C:\Users\Acer\OneDrive\Desktop\busresp\OnboardServer\node_modules\aws-iot-device-sdk\node_modules\mqtt\lib\client.js:1277:12)
    at MqttClient._handlePacket (C:\Users\Acer\OneDrive\Desktop\busresp\OnboardServer\node_modules\aws-iot-device-sdk\node_modules\mqtt\lib\client.js:410:12)
    at work (C:\Users\Acer\OneDrive\Desktop\busresp\OnboardServer\node_modules\aws-iot-device-sdk\node_modules\mqtt\lib\client.js:321:12)
    at writable._write (C:\Users\Acer\OneDrive\Desktop\busresp\OnboardServer\node_modules\aws-iot-device-sdk\node_modules\mqtt\lib\client.js:335:5)
    at doWrite (C:\Users\Acer\OneDrive\Desktop\busresp\OnboardServer\node_modules\readable-stream\lib\_stream_writable.js:390:139)
