2024-05-21 21:40:28 info: ::1 - - [21/May/2024:16:10:28 +0000] "OPTIONS /api/v1/route/getMasterData HTTP/1.1" 204 0 "http://localhost:3000/" "Mozilla/5.0 (Windows NT 10.0; Win64; x64) AppleWebKit/537.36 (KHTML, like Gecko) Chrome/124.0.0.0 Safari/537.36"
 
2024-05-21 21:40:28 info: ::1 - - [21/May/2024:16:10:28 +0000] "OPTIONS /api/v1/route/getVehicleRouteMap HTTP/1.1" 204 0 "http://localhost:3000/" "Mozilla/5.0 (Windows NT 10.0; Win64; x64) AppleWebKit/537.36 (KHTML, like Gecko) Chrome/124.0.0.0 Safari/537.36"
 
2024-05-21 21:40:28 info: Fetching master data 
2024-05-21 21:40:28 info: Getting master data 
2024-05-21 21:40:28 info: Fetching vehicle route map data 
2024-05-21 21:40:28 info: Get vehicles 
2024-05-21 21:40:28 info: ::1 - - [21/May/2024:16:10:28 +0000] "POST /api/v1/route/getVehicleRouteMap HTTP/1.1" 200 972 "http://localhost:3000/" "Mozilla/5.0 (Windows NT 10.0; Win64; x64) AppleWebKit/537.36 (KHTML, like Gecko) Chrome/124.0.0.0 Safari/537.36"
 
2024-05-21 21:40:28 info: ::1 - - [21/May/2024:16:10:28 +0000] "POST /api/v1/route/getMasterData HTTP/1.1" 200 31166 "http://localhost:3000/" "Mozilla/5.0 (Windows NT 10.0; Win64; x64) AppleWebKit/537.36 (KHTML, like Gecko) Chrome/124.0.0.0 Safari/537.36"
 
2024-05-21 21:40:32 info: ::1 - - [21/May/2024:16:10:32 +0000] "OPTIONS /api/v1/route/addVehicleConfig HTTP/1.1" 204 0 "http://localhost:3000/" "Mozilla/5.0 (Windows NT 10.0; Win64; x64) AppleWebKit/537.36 (KHTML, like Gecko) Chrome/124.0.0.0 Safari/537.36"
 
2024-05-21 21:40:32 info: Add or update route info 
2024-05-21 21:40:32 info: Adding/updating route details::{"vehicleId":24,"routeNo":"AGH112","id":0,"retry":false,"user":"undefined","type":null,"is_pro":"wcw436aidbewu@$*^46954$%^^"} 
2024-05-21 21:40:32 error: Please enter all the valid parameters!! 
    Error: Please enter all the valid parameters!!
    at main.addVehicleRouteMap (C:\Users\Acer\OneDrive\Desktop\busresp\OnboardServer\controllers\route.controller.js:437:15)
    at process.processTicksAndRejections (node:internal/process/task_queues:95:5)
    at async C:\Users\Acer\OneDrive\Desktop\busresp\OnboardServer\routes\api\v1\routeConfig.js:113:18
2024-05-21 21:40:32 error: Error: Please enter all the valid parameters!! 
    Error: Error: Please enter all the valid parameters!!
    at main.addVehicleRouteMap (C:\Users\Acer\OneDrive\Desktop\busresp\OnboardServer\controllers\route.controller.js:469:11)
    at process.processTicksAndRejections (node:internal/process/task_queues:95:5)
    at async C:\Users\Acer\OneDrive\Desktop\busresp\OnboardServer\routes\api\v1\routeConfig.js:113:18
2024-05-21 21:40:32 error: Error: Please enter all the valid parameters!! 
    Error: Error: Please enter all the valid parameters!!
    at main.addVehicleRouteMap (C:\Users\Acer\OneDrive\Desktop\busresp\OnboardServer\controllers\route.controller.js:469:11)
    at process.processTicksAndRejections (node:internal/process/task_queues:95:5)
    at async C:\Users\Acer\OneDrive\Desktop\busresp\OnboardServer\routes\api\v1\routeConfig.js:113:18
2024-05-21 21:40:32 info: ::1 - - [21/May/2024:16:10:32 +0000] "POST /api/v1/route/addVehicleConfig HTTP/1.1" 500 82 "http://localhost:3000/" "Mozilla/5.0 (Windows NT 10.0; Win64; x64) AppleWebKit/537.36 (KHTML, like Gecko) Chrome/124.0.0.0 Safari/537.36"
 
2024-05-21 21:40:50 info: ::1 - - [21/May/2024:16:10:50 +0000] "OPTIONS /api/v1/route/addVehicleConfig HTTP/1.1" 204 0 "http://localhost:3000/" "Mozilla/5.0 (Windows NT 10.0; Win64; x64) AppleWebKit/537.36 (KHTML, like Gecko) Chrome/124.0.0.0 Safari/537.36"
 
2024-05-21 21:40:50 info: Add or update route info 
2024-05-21 21:40:50 info: Adding/updating route details::{"routeId":90,"routeNo":"150 DOWN","vehicleNo":"A01FA0418","vehicleId":23,"date":"2024-05-21T16:10:28.223Z","user":"undefined","type":null,"is_pro":"wcw436aidbewu@$*^46954$%^^"} 
2024-05-21 21:40:50 error: Validation error 
    Error
    at Query.run (C:\Users\Acer\OneDrive\Desktop\busresp\OnboardServer\node_modules\sequelize\lib\dialects\mysql\query.js:52:25)
    at C:\Users\Acer\OneDrive\Desktop\busresp\OnboardServer\node_modules\sequelize\lib\sequelize.js:315:28
    at process.processTicksAndRejections (node:internal/process/task_queues:95:5)
    at async MySQLQueryInterface.insert (C:\Users\Acer\OneDrive\Desktop\busresp\OnboardServer\node_modules\sequelize\lib\dialects\abstract\query-interface.js:308:21)
    at async VehicleRouteDriverMap.save (C:\Users\Acer\OneDrive\Desktop\busresp\OnboardServer\node_modules\sequelize\lib\model.js:2490:35)
    at async VehicleRouteDriverMap.create (C:\Users\Acer\OneDrive\Desktop\busresp\OnboardServer\node_modules\sequelize\lib\model.js:1362:12)
    at async main.addVehicleRouteMap (C:\Users\Acer\OneDrive\Desktop\busresp\OnboardServer\controllers\route.controller.js:439:15)
    at async C:\Users\Acer\OneDrive\Desktop\busresp\OnboardServer\routes\api\v1\routeConfig.js:113:18
2024-05-21 21:40:50 error: SequelizeUniqueConstraintError: Validation error 
    Error: SequelizeUniqueConstraintError: Validation error
    at main.addVehicleRouteMap (C:\Users\Acer\OneDrive\Desktop\busresp\OnboardServer\controllers\route.controller.js:469:11)
    at process.processTicksAndRejections (node:internal/process/task_queues:95:5)
    at async C:\Users\Acer\OneDrive\Desktop\busresp\OnboardServer\routes\api\v1\routeConfig.js:113:18
2024-05-21 21:40:50 error: SequelizeUniqueConstraintError: Validation error 
    Error: SequelizeUniqueConstraintError: Validation error
    at main.addVehicleRouteMap (C:\Users\Acer\OneDrive\Desktop\busresp\OnboardServer\controllers\route.controller.js:469:11)
    at process.processTicksAndRejections (node:internal/process/task_queues:95:5)
    at async C:\Users\Acer\OneDrive\Desktop\busresp\OnboardServer\routes\api\v1\routeConfig.js:113:18
2024-05-21 21:40:50 info: ::1 - - [21/May/2024:16:10:50 +0000] "POST /api/v1/route/addVehicleConfig HTTP/1.1" 500 84 "http://localhost:3000/" "Mozilla/5.0 (Windows NT 10.0; Win64; x64) AppleWebKit/537.36 (KHTML, like Gecko) Chrome/124.0.0.0 Safari/537.36"
 
2024-05-21 21:40:58 info: ::1 - - [21/May/2024:16:10:58 +0000] "OPTIONS /api/v1/route/addVehicleConfig HTTP/1.1" 204 0 "http://localhost:3000/" "Mozilla/5.0 (Windows NT 10.0; Win64; x64) AppleWebKit/537.36 (KHTML, like Gecko) Chrome/124.0.0.0 Safari/537.36"
 
2024-05-21 21:40:58 info: Add or update route info 
2024-05-21 21:40:58 info: Adding/updating route details::{"routeId":90,"routeNo":"150 DOWN","vehicleNo":"A01FA0418","vehicleId":23,"date":"2024-05-21T16:10:28.223Z","driver":"driver","user":"undefined","type":null,"is_pro":"wcw436aidbewu@$*^46954$%^^"} 
2024-05-21 21:40:58 error: Validation error 
    Error
    at Query.run (C:\Users\Acer\OneDrive\Desktop\busresp\OnboardServer\node_modules\sequelize\lib\dialects\mysql\query.js:52:25)
    at C:\Users\Acer\OneDrive\Desktop\busresp\OnboardServer\node_modules\sequelize\lib\sequelize.js:315:28
    at process.processTicksAndRejections (node:internal/process/task_queues:95:5)
    at async MySQLQueryInterface.insert (C:\Users\Acer\OneDrive\Desktop\busresp\OnboardServer\node_modules\sequelize\lib\dialects\abstract\query-interface.js:308:21)
    at async VehicleRouteDriverMap.save (C:\Users\Acer\OneDrive\Desktop\busresp\OnboardServer\node_modules\sequelize\lib\model.js:2490:35)
    at async VehicleRouteDriverMap.create (C:\Users\Acer\OneDrive\Desktop\busresp\OnboardServer\node_modules\sequelize\lib\model.js:1362:12)
    at async main.addVehicleRouteMap (C:\Users\Acer\OneDrive\Desktop\busresp\OnboardServer\controllers\route.controller.js:439:15)
    at async C:\Users\Acer\OneDrive\Desktop\busresp\OnboardServer\routes\api\v1\routeConfig.js:113:18
2024-05-21 21:40:58 error: SequelizeUniqueConstraintError: Validation error 
    Error: SequelizeUniqueConstraintError: Validation error
    at main.addVehicleRouteMap (C:\Users\Acer\OneDrive\Desktop\busresp\OnboardServer\controllers\route.controller.js:469:11)
    at process.processTicksAndRejections (node:internal/process/task_queues:95:5)
    at async C:\Users\Acer\OneDrive\Desktop\busresp\OnboardServer\routes\api\v1\routeConfig.js:113:18
2024-05-21 21:40:58 error: SequelizeUniqueConstraintError: Validation error 
    Error: SequelizeUniqueConstraintError: Validation error
    at main.addVehicleRouteMap (C:\Users\Acer\OneDrive\Desktop\busresp\OnboardServer\controllers\route.controller.js:469:11)
    at process.processTicksAndRejections (node:internal/process/task_queues:95:5)
    at async C:\Users\Acer\OneDrive\Desktop\busresp\OnboardServer\routes\api\v1\routeConfig.js:113:18
2024-05-21 21:40:58 info: ::1 - - [21/May/2024:16:10:58 +0000] "POST /api/v1/route/addVehicleConfig HTTP/1.1" 500 84 "http://localhost:3000/" "Mozilla/5.0 (Windows NT 10.0; Win64; x64) AppleWebKit/537.36 (KHTML, like Gecko) Chrome/124.0.0.0 Safari/537.36"
 
2024-05-21 21:42:11 info: ::1 - - [21/May/2024:16:12:11 +0000] "OPTIONS /api/v1/route/addVehicleConfig HTTP/1.1" 204 0 "http://localhost:3000/" "Mozilla/5.0 (Windows NT 10.0; Win64; x64) AppleWebKit/537.36 (KHTML, like Gecko) Chrome/124.0.0.0 Safari/537.36"
 
2024-05-21 21:42:11 info: Add or update route info 
2024-05-21 21:42:11 info: Adding/updating route details::{"routeId":90,"routeNo":"150 DOWN","vehicleNo":"A01FA0418","vehicleId":23,"date":"2024-05-21T16:10:28.223Z","driver":"driver","user":"undefined","type":null,"is_pro":"wcw436aidbewu@$*^46954$%^^"} 
2024-05-21 21:42:11 error: Validation error 
    Error
    at Query.run (C:\Users\Acer\OneDrive\Desktop\busresp\OnboardServer\node_modules\sequelize\lib\dialects\mysql\query.js:52:25)
    at C:\Users\Acer\OneDrive\Desktop\busresp\OnboardServer\node_modules\sequelize\lib\sequelize.js:315:28
    at process.processTicksAndRejections (node:internal/process/task_queues:95:5)
    at async MySQLQueryInterface.insert (C:\Users\Acer\OneDrive\Desktop\busresp\OnboardServer\node_modules\sequelize\lib\dialects\abstract\query-interface.js:308:21)
    at async VehicleRouteDriverMap.save (C:\Users\Acer\OneDrive\Desktop\busresp\OnboardServer\node_modules\sequelize\lib\model.js:2490:35)
    at async VehicleRouteDriverMap.create (C:\Users\Acer\OneDrive\Desktop\busresp\OnboardServer\node_modules\sequelize\lib\model.js:1362:12)
    at async main.addVehicleRouteMap (C:\Users\Acer\OneDrive\Desktop\busresp\OnboardServer\controllers\route.controller.js:439:15)
    at async C:\Users\Acer\OneDrive\Desktop\busresp\OnboardServer\routes\api\v1\routeConfig.js:113:18
2024-05-21 21:42:11 error: SequelizeUniqueConstraintError: Validation error 
    Error: SequelizeUniqueConstraintError: Validation error
    at main.addVehicleRouteMap (C:\Users\Acer\OneDrive\Desktop\busresp\OnboardServer\controllers\route.controller.js:469:11)
    at process.processTicksAndRejections (node:internal/process/task_queues:95:5)
    at async C:\Users\Acer\OneDrive\Desktop\busresp\OnboardServer\routes\api\v1\routeConfig.js:113:18
2024-05-21 21:42:11 error: SequelizeUniqueConstraintError: Validation error 
    Error: SequelizeUniqueConstraintError: Validation error
    at main.addVehicleRouteMap (C:\Users\Acer\OneDrive\Desktop\busresp\OnboardServer\controllers\route.controller.js:469:11)
    at process.processTicksAndRejections (node:internal/process/task_queues:95:5)
    at async C:\Users\Acer\OneDrive\Desktop\busresp\OnboardServer\routes\api\v1\routeConfig.js:113:18
2024-05-21 21:42:11 info: ::1 - - [21/May/2024:16:12:11 +0000] "POST /api/v1/route/addVehicleConfig HTTP/1.1" 500 84 "http://localhost:3000/" "Mozilla/5.0 (Windows NT 10.0; Win64; x64) AppleWebKit/537.36 (KHTML, like Gecko) Chrome/124.0.0.0 Safari/537.36"
 
2024-05-21 21:43:01 info: Onboard Server is started and running at the port 5000 
2024-05-21 21:43:12 info: ::1 - - [21/May/2024:16:13:12 +0000] "OPTIONS /api/v1/route/getMasterData HTTP/1.1" 204 0 "http://localhost:3000/" "Mozilla/5.0 (Windows NT 10.0; Win64; x64) AppleWebKit/537.36 (KHTML, like Gecko) Chrome/124.0.0.0 Safari/537.36"
 
2024-05-21 21:43:12 info: Fetching master data 
2024-05-21 21:43:12 info: Getting master data 
2024-05-21 21:43:12 info: ::1 - - [21/May/2024:16:13:12 +0000] "OPTIONS /api/v1/route/getVehicleRouteMap HTTP/1.1" 204 0 "http://localhost:3000/" "Mozilla/5.0 (Windows NT 10.0; Win64; x64) AppleWebKit/537.36 (KHTML, like Gecko) Chrome/124.0.0.0 Safari/537.36"
 
2024-05-21 21:43:12 info: Fetching vehicle route map data 
2024-05-21 21:43:12 info: Get vehicles 
2024-05-21 21:43:12 info: ::1 - - [21/May/2024:16:13:12 +0000] "POST /api/v1/route/getVehicleRouteMap HTTP/1.1" 200 972 "http://localhost:3000/" "Mozilla/5.0 (Windows NT 10.0; Win64; x64) AppleWebKit/537.36 (KHTML, like Gecko) Chrome/124.0.0.0 Safari/537.36"
 
2024-05-21 21:43:12 info: ::1 - - [21/May/2024:16:13:12 +0000] "POST /api/v1/route/getMasterData HTTP/1.1" 200 31166 "http://localhost:3000/" "Mozilla/5.0 (Windows NT 10.0; Win64; x64) AppleWebKit/537.36 (KHTML, like Gecko) Chrome/124.0.0.0 Safari/537.36"
 
2024-05-21 21:43:26 info: ::1 - - [21/May/2024:16:13:26 +0000] "OPTIONS /api/v1/route/addVehicleConfig HTTP/1.1" 204 0 "http://localhost:3000/" "Mozilla/5.0 (Windows NT 10.0; Win64; x64) AppleWebKit/537.36 (KHTML, like Gecko) Chrome/124.0.0.0 Safari/537.36"
 
2024-05-21 21:43:26 info: Add or update route info 
2024-05-21 21:43:26 info: Adding/updating route details::{"routeId":71,"routeNo":"0178UP","vehicleNo":"A01FA0418","vehicleId":23,"date":"2024-05-21T16:13:12.530Z","driver":"d","user":"undefined","type":null,"is_pro":"wcw436aidbewu@$*^46954$%^^"} 
2024-05-21 21:43:26 error: Validation error 
    Error
    at Query.run (C:\Users\Acer\OneDrive\Desktop\busresp\OnboardServer\node_modules\sequelize\lib\dialects\mysql\query.js:52:25)
    at C:\Users\Acer\OneDrive\Desktop\busresp\OnboardServer\node_modules\sequelize\lib\sequelize.js:315:28
    at process.processTicksAndRejections (node:internal/process/task_queues:95:5)
    at async MySQLQueryInterface.insert (C:\Users\Acer\OneDrive\Desktop\busresp\OnboardServer\node_modules\sequelize\lib\dialects\abstract\query-interface.js:308:21)
    at async VehicleRouteDriverMap.save (C:\Users\Acer\OneDrive\Desktop\busresp\OnboardServer\node_modules\sequelize\lib\model.js:2490:35)
    at async VehicleRouteDriverMap.create (C:\Users\Acer\OneDrive\Desktop\busresp\OnboardServer\node_modules\sequelize\lib\model.js:1362:12)
    at async main.addVehicleRouteMap (C:\Users\Acer\OneDrive\Desktop\busresp\OnboardServer\controllers\route.controller.js:439:15)
    at async C:\Users\Acer\OneDrive\Desktop\busresp\OnboardServer\routes\api\v1\routeConfig.js:113:18
2024-05-21 21:43:26 error: SequelizeUniqueConstraintError: Validation error 
    Error: SequelizeUniqueConstraintError: Validation error
    at main.addVehicleRouteMap (C:\Users\Acer\OneDrive\Desktop\busresp\OnboardServer\controllers\route.controller.js:469:11)
    at process.processTicksAndRejections (node:internal/process/task_queues:95:5)
    at async C:\Users\Acer\OneDrive\Desktop\busresp\OnboardServer\routes\api\v1\routeConfig.js:113:18
2024-05-21 21:43:26 error: SequelizeUniqueConstraintError: Validation error 
    Error: SequelizeUniqueConstraintError: Validation error
    at main.addVehicleRouteMap (C:\Users\Acer\OneDrive\Desktop\busresp\OnboardServer\controllers\route.controller.js:469:11)
    at process.processTicksAndRejections (node:internal/process/task_queues:95:5)
    at async C:\Users\Acer\OneDrive\Desktop\busresp\OnboardServer\routes\api\v1\routeConfig.js:113:18
2024-05-21 21:43:26 info: ::1 - - [21/May/2024:16:13:26 +0000] "POST /api/v1/route/addVehicleConfig HTTP/1.1" 500 84 "http://localhost:3000/" "Mozilla/5.0 (Windows NT 10.0; Win64; x64) AppleWebKit/537.36 (KHTML, like Gecko) Chrome/124.0.0.0 Safari/537.36"
 
2024-05-21 21:46:19 info: Onboard Server is started and running at the port 5000 
2024-05-21 21:46:31 info: ::1 - - [21/May/2024:16:16:31 +0000] "OPTIONS /api/v1/route/getMasterData HTTP/1.1" 204 0 "http://localhost:3000/" "Mozilla/5.0 (Windows NT 10.0; Win64; x64) AppleWebKit/537.36 (KHTML, like Gecko) Chrome/124.0.0.0 Safari/537.36"
 
2024-05-21 21:46:31 info: Fetching master data 
2024-05-21 21:46:31 info: Getting master data 
2024-05-21 21:46:31 info: ::1 - - [21/May/2024:16:16:31 +0000] "OPTIONS /api/v1/route/getVehicleRouteMap HTTP/1.1" 204 0 "http://localhost:3000/" "Mozilla/5.0 (Windows NT 10.0; Win64; x64) AppleWebKit/537.36 (KHTML, like Gecko) Chrome/124.0.0.0 Safari/537.36"
 
2024-05-21 21:46:31 info: Fetching vehicle route map data 
2024-05-21 21:46:31 info: Get vehicles 
2024-05-21 21:46:31 info: ::1 - - [21/May/2024:16:16:31 +0000] "POST /api/v1/route/getMasterData HTTP/1.1" 200 31166 "http://localhost:3000/" "Mozilla/5.0 (Windows NT 10.0; Win64; x64) AppleWebKit/537.36 (KHTML, like Gecko) Chrome/124.0.0.0 Safari/537.36"
 
2024-05-21 21:46:31 info: ::1 - - [21/May/2024:16:16:31 +0000] "POST /api/v1/route/getVehicleRouteMap HTTP/1.1" 200 972 "http://localhost:3000/" "Mozilla/5.0 (Windows NT 10.0; Win64; x64) AppleWebKit/537.36 (KHTML, like Gecko) Chrome/124.0.0.0 Safari/537.36"
 
2024-05-21 21:47:31 info: ::1 - - [21/May/2024:16:17:31 +0000] "OPTIONS /api/v1/route/addVehicleConfig HTTP/1.1" 204 0 "http://localhost:3000/" "Mozilla/5.0 (Windows NT 10.0; Win64; x64) AppleWebKit/537.36 (KHTML, like Gecko) Chrome/124.0.0.0 Safari/537.36"
 
2024-05-21 21:47:31 info: Add or update route info 
2024-05-21 21:47:31 info: Adding/updating route details::{"routeId":36,"routeNo":"000ASQ","vehicleNo":"A01FA0418","vehicleId":23,"date":"2024-05-21T16:16:31.308Z","user":"undefined","type":null,"is_pro":"wcw436aidbewu@$*^46954$%^^"} 
2024-05-21 21:47:32 error: Validation error 
    Error
    at Query.run (C:\Users\Acer\OneDrive\Desktop\busresp\OnboardServer\node_modules\sequelize\lib\dialects\mysql\query.js:52:25)
    at C:\Users\Acer\OneDrive\Desktop\busresp\OnboardServer\node_modules\sequelize\lib\sequelize.js:315:28
    at process.processTicksAndRejections (node:internal/process/task_queues:95:5)
    at async MySQLQueryInterface.insert (C:\Users\Acer\OneDrive\Desktop\busresp\OnboardServer\node_modules\sequelize\lib\dialects\abstract\query-interface.js:308:21)
    at async VehicleRouteDriverMap.save (C:\Users\Acer\OneDrive\Desktop\busresp\OnboardServer\node_modules\sequelize\lib\model.js:2490:35)
    at async VehicleRouteDriverMap.create (C:\Users\Acer\OneDrive\Desktop\busresp\OnboardServer\node_modules\sequelize\lib\model.js:1362:12)
    at async main.addVehicleRouteMap (C:\Users\Acer\OneDrive\Desktop\busresp\OnboardServer\controllers\route.controller.js:439:15)
    at async C:\Users\Acer\OneDrive\Desktop\busresp\OnboardServer\routes\api\v1\routeConfig.js:114:18
2024-05-21 21:47:32 error: SequelizeUniqueConstraintError: Validation error 
    Error: SequelizeUniqueConstraintError: Validation error
    at main.addVehicleRouteMap (C:\Users\Acer\OneDrive\Desktop\busresp\OnboardServer\controllers\route.controller.js:469:11)
    at process.processTicksAndRejections (node:internal/process/task_queues:95:5)
    at async C:\Users\Acer\OneDrive\Desktop\busresp\OnboardServer\routes\api\v1\routeConfig.js:114:18
2024-05-21 21:47:32 error: SequelizeUniqueConstraintError: Validation error 
    Error: SequelizeUniqueConstraintError: Validation error
    at main.addVehicleRouteMap (C:\Users\Acer\OneDrive\Desktop\busresp\OnboardServer\controllers\route.controller.js:469:11)
    at process.processTicksAndRejections (node:internal/process/task_queues:95:5)
    at async C:\Users\Acer\OneDrive\Desktop\busresp\OnboardServer\routes\api\v1\routeConfig.js:114:18
2024-05-21 21:47:32 info: ::1 - - [21/May/2024:16:17:32 +0000] "POST /api/v1/route/addVehicleConfig HTTP/1.1" 500 84 "http://localhost:3000/" "Mozilla/5.0 (Windows NT 10.0; Win64; x64) AppleWebKit/537.36 (KHTML, like Gecko) Chrome/124.0.0.0 Safari/537.36"
 
2024-05-21 21:57:14 error: Unexpected token H in JSON at position 0 
    SyntaxError: Unexpected token H in JSON at position 0
    at JSON.parse (<anonymous>)
    at DeviceClient.<anonymous> (C:\Users\Acer\OneDrive\Desktop\busresp\OnboardServer\helper\mqtt.js:38:26)
    at DeviceClient.emit (node:events:514:28)
    at MqttClient.<anonymous> (C:\Users\Acer\OneDrive\Desktop\busresp\OnboardServer\node_modules\aws-iot-device-sdk\device\index.js:826:12)
    at MqttClient.emit (node:events:514:28)
    at MqttClient._handlePublish (C:\Users\Acer\OneDrive\Desktop\busresp\OnboardServer\node_modules\aws-iot-device-sdk\node_modules\mqtt\lib\client.js:1277:12)
    at MqttClient._handlePacket (C:\Users\Acer\OneDrive\Desktop\busresp\OnboardServer\node_modules\aws-iot-device-sdk\node_modules\mqtt\lib\client.js:410:12)
    at work (C:\Users\Acer\OneDrive\Desktop\busresp\OnboardServer\node_modules\aws-iot-device-sdk\node_modules\mqtt\lib\client.js:321:12)
    at writable._write (C:\Users\Acer\OneDrive\Desktop\busresp\OnboardServer\node_modules\aws-iot-device-sdk\node_modules\mqtt\lib\client.js:335:5)
    at doWrite (C:\Users\Acer\OneDrive\Desktop\busresp\OnboardServer\node_modules\readable-stream\lib\_stream_writable.js:390:139)
