2023-10-18 16:00:27 info: Onboard Server is started and running at the port 5000 
2023-10-18 16:00:34 info: ::1 - - [18/Oct/2023:10:30:34 +0000] "OPTIONS /api/v1/route/getMasterData HTTP/1.1" 204 0 "http://localhost:3000/" "Mozilla/5.0 (X11; Linux x86_64) AppleWebKit/537.36 (KHTML, like Gecko) Chrome/116.0.0.0 Safari/537.36"
 
2023-10-18 16:00:34 info: ::1 - - [18/Oct/2023:10:30:34 +0000] "OPTIONS /api/v1/route/getVehicleRouteMap HTTP/1.1" 204 0 "http://localhost:3000/" "Mozilla/5.0 (X11; Linux x86_64) AppleWebKit/537.36 (KHTML, like Gecko) Chrome/116.0.0.0 Safari/537.36"
 
2023-10-18 16:00:34 info: Fetching master data 
2023-10-18 16:00:34 info: Getting master data 
2023-10-18 16:00:34 info: Fetching vehicle route map data 
2023-10-18 16:00:34 info: Get vehicles 
2023-10-18 16:00:34 info: ::1 - - [18/Oct/2023:10:30:34 +0000] "POST /api/v1/route/getVehicleRouteMap HTTP/1.1" 200 1804 "http://localhost:3000/" "Mozilla/5.0 (X11; Linux x86_64) AppleWebKit/537.36 (KHTML, like Gecko) Chrome/116.0.0.0 Safari/537.36"
 
2023-10-18 16:00:34 info: ::1 - - [18/Oct/2023:10:30:34 +0000] "POST /api/v1/route/getMasterData HTTP/1.1" 200 321 "http://localhost:3000/" "Mozilla/5.0 (X11; Linux x86_64) AppleWebKit/537.36 (KHTML, like Gecko) Chrome/116.0.0.0 Safari/537.36"
 
2023-10-18 16:01:17 info: ::1 - - [18/Oct/2023:10:31:17 +0000] "OPTIONS /api/v1/route/getMasterData HTTP/1.1" 204 0 "http://localhost:3000/" "Mozilla/5.0 (X11; Linux x86_64) AppleWebKit/537.36 (KHTML, like Gecko) Chrome/116.0.0.0 Safari/537.36"
 
2023-10-18 16:01:17 info: ::1 - - [18/Oct/2023:10:31:17 +0000] "OPTIONS /api/v1/route/getVehicleRouteMap HTTP/1.1" 204 0 "http://localhost:3000/" "Mozilla/5.0 (X11; Linux x86_64) AppleWebKit/537.36 (KHTML, like Gecko) Chrome/116.0.0.0 Safari/537.36"
 
2023-10-18 16:01:17 info: Fetching master data 
2023-10-18 16:01:17 info: Getting master data 
2023-10-18 16:01:17 info: Fetching vehicle route map data 
2023-10-18 16:01:17 info: Get vehicles 
2023-10-18 16:01:17 info: ::1 - - [18/Oct/2023:10:31:17 +0000] "POST /api/v1/route/getVehicleRouteMap HTTP/1.1" 200 1804 "http://localhost:3000/" "Mozilla/5.0 (X11; Linux x86_64) AppleWebKit/537.36 (KHTML, like Gecko) Chrome/116.0.0.0 Safari/537.36"
 
2023-10-18 16:01:17 info: ::1 - - [18/Oct/2023:10:31:17 +0000] "POST /api/v1/route/getMasterData HTTP/1.1" 200 321 "http://localhost:3000/" "Mozilla/5.0 (X11; Linux x86_64) AppleWebKit/537.36 (KHTML, like Gecko) Chrome/116.0.0.0 Safari/537.36"
 
2023-10-18 16:01:45 info: Onboard Server is started and running at the port 5000 
2023-10-18 16:01:49 info: ::1 - - [18/Oct/2023:10:31:49 +0000] "OPTIONS /api/v1/route/getRoutes?page=1&records=100 HTTP/1.1" 204 0 "http://localhost:3000/" "Mozilla/5.0 (X11; Linux x86_64) AppleWebKit/537.36 (KHTML, like Gecko) Chrome/116.0.0.0 Safari/537.36"
 
2023-10-18 16:01:49 info: Get vehicles 
2023-10-18 16:01:49 info: ::1 - - [18/Oct/2023:10:31:49 +0000] "POST /api/v1/route/getRoutes?page=1&records=100 HTTP/1.1" 200 458 "http://localhost:3000/" "Mozilla/5.0 (X11; Linux x86_64) AppleWebKit/537.36 (KHTML, like Gecko) Chrome/116.0.0.0 Safari/537.36"
 
2023-10-18 16:01:50 info: ::1 - - [18/Oct/2023:10:31:50 +0000] "OPTIONS /api/v1/route/getMasterData HTTP/1.1" 204 0 "http://localhost:3000/" "Mozilla/5.0 (X11; Linux x86_64) AppleWebKit/537.36 (KHTML, like Gecko) Chrome/116.0.0.0 Safari/537.36"
 
2023-10-18 16:01:50 info: ::1 - - [18/Oct/2023:10:31:50 +0000] "OPTIONS /api/v1/route/getVehicleRouteMap HTTP/1.1" 204 0 "http://localhost:3000/" "Mozilla/5.0 (X11; Linux x86_64) AppleWebKit/537.36 (KHTML, like Gecko) Chrome/116.0.0.0 Safari/537.36"
 
2023-10-18 16:01:50 info: Fetching master data 
2023-10-18 16:01:50 info: Getting master data 
2023-10-18 16:01:50 info: Fetching vehicle route map data 
2023-10-18 16:01:50 info: Get vehicles 
2023-10-18 16:01:50 info: ::1 - - [18/Oct/2023:10:31:50 +0000] "POST /api/v1/route/getMasterData HTTP/1.1" 200 321 "http://localhost:3000/" "Mozilla/5.0 (X11; Linux x86_64) AppleWebKit/537.36 (KHTML, like Gecko) Chrome/116.0.0.0 Safari/537.36"
 
2023-10-18 16:01:50 info: ::1 - - [18/Oct/2023:10:31:50 +0000] "POST /api/v1/route/getVehicleRouteMap HTTP/1.1" 200 1804 "http://localhost:3000/" "Mozilla/5.0 (X11; Linux x86_64) AppleWebKit/537.36 (KHTML, like Gecko) Chrome/116.0.0.0 Safari/537.36"
 
2023-10-18 16:02:00 info: ::1 - - [18/Oct/2023:10:32:00 +0000] "OPTIONS /api/v1/route/addVehicleConfig HTTP/1.1" 204 0 "http://localhost:3000/" "Mozilla/5.0 (X11; Linux x86_64) AppleWebKit/537.36 (KHTML, like Gecko) Chrome/116.0.0.0 Safari/537.36"
 
2023-10-18 16:02:00 info: Add or update route info 
2023-10-18 16:02:00 info: Adding/updating route details::{"routeId":1,"routeNo":"9090","vehicleNo":"9090","vehicleId":1,"date":"2023-10-18T10:31:50.276Z","driver":"122","user":"undefined","type":"14"} 
2023-10-18 16:02:00 info: Publish to mqtt::{"Bus Id":"9090","Route No":"9090","Id":1} 
2023-10-18 16:02:00 info: ::1 - - [18/Oct/2023:10:32:00 +0000] "POST /api/v1/route/addVehicleConfig HTTP/1.1" 200 2371 "http://localhost:3000/" "Mozilla/5.0 (X11; Linux x86_64) AppleWebKit/537.36 (KHTML, like Gecko) Chrome/116.0.0.0 Safari/537.36"
 
2023-10-18 16:02:01 debug: The payload is not in appropriate format for topic::9090 & payload:: {"Bus Id":"9090","Route No":"9090","Id":1} 
2023-10-18 16:02:47 info: Onboard Server is started and running at the port 5000 
2023-10-18 16:02:55 info: ::1 - - [18/Oct/2023:10:32:55 +0000] "OPTIONS /api/v1/route/addVehicleConfig HTTP/1.1" 204 0 "http://localhost:3000/" "Mozilla/5.0 (X11; Linux x86_64) AppleWebKit/537.36 (KHTML, like Gecko) Chrome/116.0.0.0 Safari/537.36"
 
2023-10-18 16:02:55 info: Add or update route info 
2023-10-18 16:02:55 info: Adding/updating route details::{"routeId":8,"routeNo":"9944","vehicleNo":"34343","vehicleId":2,"date":"2023-10-18T10:32:00.940Z","user":"undefined","type":"14"} 
2023-10-18 16:02:55 info: Publish to mqtt::{"Bus Id":"34343","Route No":"9944","Id":5} 
2023-10-18 16:02:55 info: ::1 - - [18/Oct/2023:10:32:55 +0000] "POST /api/v1/route/addVehicleConfig HTTP/1.1" 200 2908 "http://localhost:3000/" "Mozilla/5.0 (X11; Linux x86_64) AppleWebKit/537.36 (KHTML, like Gecko) Chrome/116.0.0.0 Safari/537.36"
 
2023-10-18 16:02:55 debug: The payload is not in appropriate format for topic::34343 & payload:: {"Bus Id":"34343","Route No":"9944","Id":5} 
2023-10-18 16:03:15 error: Unexpected token H in JSON at position 0 
    SyntaxError: Unexpected token H in JSON at position 0
    at JSON.parse (<anonymous>)
    at DeviceClient.<anonymous> (/media/keshav/New Volume/onboard_upgrade/01_Software/OnboardServer/helper/mqtt.js:33:26)
    at DeviceClient.emit (node:events:513:28)
    at MqttClient.<anonymous> (/media/keshav/New Volume/onboard_upgrade/01_Software/OnboardServer/node_modules/aws-iot-device-sdk/device/index.js:826:12)
    at MqttClient.emit (node:events:513:28)
    at MqttClient._handlePublish (/media/keshav/New Volume/onboard_upgrade/01_Software/OnboardServer/node_modules/aws-iot-device-sdk/node_modules/mqtt/lib/client.js:1277:12)
    at MqttClient._handlePacket (/media/keshav/New Volume/onboard_upgrade/01_Software/OnboardServer/node_modules/aws-iot-device-sdk/node_modules/mqtt/lib/client.js:410:12)
    at work (/media/keshav/New Volume/onboard_upgrade/01_Software/OnboardServer/node_modules/aws-iot-device-sdk/node_modules/mqtt/lib/client.js:321:12)
    at writable._write (/media/keshav/New Volume/onboard_upgrade/01_Software/OnboardServer/node_modules/aws-iot-device-sdk/node_modules/mqtt/lib/client.js:335:5)
    at doWrite (/media/keshav/New Volume/onboard_upgrade/01_Software/OnboardServer/node_modules/readable-stream/lib/_stream_writable.js:390:139)
2023-10-18 16:03:16 error: Unexpected token R in JSON at position 27 
    SyntaxError: Unexpected token R in JSON at position 27
    at JSON.parse (<anonymous>)
    at DeviceClient.<anonymous> (/media/keshav/New Volume/onboard_upgrade/01_Software/OnboardServer/helper/mqtt.js:33:26)
    at DeviceClient.emit (node:events:513:28)
    at MqttClient.<anonymous> (/media/keshav/New Volume/onboard_upgrade/01_Software/OnboardServer/node_modules/aws-iot-device-sdk/device/index.js:826:12)
    at MqttClient.emit (node:events:513:28)
    at MqttClient._handlePublish (/media/keshav/New Volume/onboard_upgrade/01_Software/OnboardServer/node_modules/aws-iot-device-sdk/node_modules/mqtt/lib/client.js:1277:12)
    at MqttClient._handlePacket (/media/keshav/New Volume/onboard_upgrade/01_Software/OnboardServer/node_modules/aws-iot-device-sdk/node_modules/mqtt/lib/client.js:410:12)
    at work (/media/keshav/New Volume/onboard_upgrade/01_Software/OnboardServer/node_modules/aws-iot-device-sdk/node_modules/mqtt/lib/client.js:321:12)
    at writable._write (/media/keshav/New Volume/onboard_upgrade/01_Software/OnboardServer/node_modules/aws-iot-device-sdk/node_modules/mqtt/lib/client.js:335:5)
    at doWrite (/media/keshav/New Volume/onboard_upgrade/01_Software/OnboardServer/node_modules/readable-stream/lib/_stream_writable.js:390:139)
2023-10-18 16:06:16 error: Unexpected token H in JSON at position 0 
    SyntaxError: Unexpected token H in JSON at position 0
    at JSON.parse (<anonymous>)
    at DeviceClient.<anonymous> (/media/keshav/New Volume/onboard_upgrade/01_Software/OnboardServer/helper/mqtt.js:33:26)
    at DeviceClient.emit (node:events:513:28)
    at MqttClient.<anonymous> (/media/keshav/New Volume/onboard_upgrade/01_Software/OnboardServer/node_modules/aws-iot-device-sdk/device/index.js:826:12)
    at MqttClient.emit (node:events:513:28)
    at MqttClient._handlePublish (/media/keshav/New Volume/onboard_upgrade/01_Software/OnboardServer/node_modules/aws-iot-device-sdk/node_modules/mqtt/lib/client.js:1277:12)
    at MqttClient._handlePacket (/media/keshav/New Volume/onboard_upgrade/01_Software/OnboardServer/node_modules/aws-iot-device-sdk/node_modules/mqtt/lib/client.js:410:12)
    at work (/media/keshav/New Volume/onboard_upgrade/01_Software/OnboardServer/node_modules/aws-iot-device-sdk/node_modules/mqtt/lib/client.js:321:12)
    at writable._write (/media/keshav/New Volume/onboard_upgrade/01_Software/OnboardServer/node_modules/aws-iot-device-sdk/node_modules/mqtt/lib/client.js:335:5)
    at doWrite (/media/keshav/New Volume/onboard_upgrade/01_Software/OnboardServer/node_modules/readable-stream/lib/_stream_writable.js:390:139)
2023-10-18 16:09:04 error: Unexpected token R in JSON at position 27 
    SyntaxError: Unexpected token R in JSON at position 27
    at JSON.parse (<anonymous>)
    at DeviceClient.<anonymous> (/media/keshav/New Volume/onboard_upgrade/01_Software/OnboardServer/helper/mqtt.js:33:26)
    at DeviceClient.emit (node:events:513:28)
    at MqttClient.<anonymous> (/media/keshav/New Volume/onboard_upgrade/01_Software/OnboardServer/node_modules/aws-iot-device-sdk/device/index.js:826:12)
    at MqttClient.emit (node:events:513:28)
    at MqttClient._handlePublish (/media/keshav/New Volume/onboard_upgrade/01_Software/OnboardServer/node_modules/aws-iot-device-sdk/node_modules/mqtt/lib/client.js:1277:12)
    at MqttClient._handlePacket (/media/keshav/New Volume/onboard_upgrade/01_Software/OnboardServer/node_modules/aws-iot-device-sdk/node_modules/mqtt/lib/client.js:410:12)
    at work (/media/keshav/New Volume/onboard_upgrade/01_Software/OnboardServer/node_modules/aws-iot-device-sdk/node_modules/mqtt/lib/client.js:321:12)
    at writable._write (/media/keshav/New Volume/onboard_upgrade/01_Software/OnboardServer/node_modules/aws-iot-device-sdk/node_modules/mqtt/lib/client.js:335:5)
    at doWrite (/media/keshav/New Volume/onboard_upgrade/01_Software/OnboardServer/node_modules/readable-stream/lib/_stream_writable.js:390:139)
