2024-05-09 23:03:02 info: Onboard Server is started and running at the port 5000 
2024-05-09 23:03:17 error: Unknown column 'vehicleModule' in 'field list' 
    Error
    at Query.run (C:\Users\Acer\OneDrive\Desktop\busresp\OnboardServer\node_modules\sequelize\lib\dialects\mysql\query.js:52:25)
    at C:\Users\Acer\OneDrive\Desktop\busresp\OnboardServer\node_modules\sequelize\lib\sequelize.js:315:28
    at process.processTicksAndRejections (node:internal/process/task_queues:95:5)
    at async MySQLQueryInterface.select (C:\Users\Acer\OneDrive\Desktop\busresp\OnboardServer\node_modules\sequelize\lib\dialects\abstract\query-interface.js:407:12)
    at async Vehicle.findAll (C:\Users\Acer\OneDrive\Desktop\busresp\OnboardServer\node_modules\sequelize\lib\model.js:1140:21)
    at async Vehicle.findOne (C:\Users\Acer\OneDrive\Desktop\busresp\OnboardServer\node_modules\sequelize\lib\model.js:1240:12)
    at async DeviceClient.<anonymous> (C:\Users\Acer\OneDrive\Desktop\busresp\OnboardServer\helper\mqtt.js:45:47)
2024-05-09 23:03:25 info: BODYYYYY: [object Object] 
2024-05-09 23:03:26 debug: login from nikhiltyagi.n17@gmail.com 
2024-05-09 23:03:26 info: ::1 - - [09/May/2024:17:33:26 +0000] "POST /api/v1/auth/login/ HTTP/1.1" 200 562 "http://localhost:3000/" "Mozilla/5.0 (Windows NT 10.0; Win64; x64) AppleWebKit/537.36 (KHTML, like Gecko) Chrome/124.0.0.0 Safari/537.36"
 
2024-05-09 23:03:28 info: ::1 - - [09/May/2024:17:33:28 +0000] "OPTIONS /api/v1/route/getVehicles?page=1&records=12 HTTP/1.1" 204 0 "http://localhost:3000/" "Mozilla/5.0 (Windows NT 10.0; Win64; x64) AppleWebKit/537.36 (KHTML, like Gecko) Chrome/124.0.0.0 Safari/537.36"
 
2024-05-09 23:03:28 info: Get vehicles 
2024-05-09 23:03:28 error: Table 'onboard.vehicletypes' doesn't exist 
    Error
    at Query.run (C:\Users\Acer\OneDrive\Desktop\busresp\OnboardServer\node_modules\sequelize\lib\dialects\mysql\query.js:52:25)
    at C:\Users\Acer\OneDrive\Desktop\busresp\OnboardServer\node_modules\sequelize\lib\sequelize.js:315:28
    at process.processTicksAndRejections (node:internal/process/task_queues:95:5)
    at async MySQLQueryInterface.rawSelect (C:\Users\Acer\OneDrive\Desktop\busresp\OnboardServer\node_modules\sequelize\lib\dialects\abstract\query-interface.js:434:18)
    at async Vehicle.aggregate (C:\Users\Acer\OneDrive\Desktop\busresp\OnboardServer\node_modules\sequelize\lib\model.js:1277:19)
    at async Vehicle.count (C:\Users\Acer\OneDrive\Desktop\busresp\OnboardServer\node_modules\sequelize\lib\model.js:1306:20)
    at async Promise.all (index 0)
    at async Vehicle.findAndCountAll (C:\Users\Acer\OneDrive\Desktop\busresp\OnboardServer\node_modules\sequelize\lib\model.js:1322:27)
    at async main.getVehicles (C:\Users\Acer\OneDrive\Desktop\busresp\OnboardServer\controllers\route.controller.js:147:24)
    at async C:\Users\Acer\OneDrive\Desktop\busresp\OnboardServer\routes\api\v1\routeConfig.js:31:23
2024-05-09 23:28:36 info: Onboard Server is started and running at the port 5000 
2024-05-09 23:29:01 info: ::1 - - [09/May/2024:17:59:01 +0000] "OPTIONS /api/v1/route/getVehicles?page=1&records=12 HTTP/1.1" 204 0 "http://localhost:3000/" "Mozilla/5.0 (Windows NT 10.0; Win64; x64) AppleWebKit/537.36 (KHTML, like Gecko) Chrome/124.0.0.0 Safari/537.36"
 
2024-05-09 23:29:01 info: Get vehicles 
2024-05-09 23:30:18 info: Onboard Server is started and running at the port 5000 
2024-05-09 23:30:35 info: Onboard Server is started and running at the port 5000 
2024-05-09 23:31:54 error: Unknown column 'vehicleModule' in 'field list' 
    Error
    at Query.run (C:\Users\Acer\OneDrive\Desktop\busresp\OnboardServer\node_modules\sequelize\lib\dialects\mysql\query.js:52:25)
    at C:\Users\Acer\OneDrive\Desktop\busresp\OnboardServer\node_modules\sequelize\lib\sequelize.js:315:28
    at process.processTicksAndRejections (node:internal/process/task_queues:95:5)
    at async MySQLQueryInterface.select (C:\Users\Acer\OneDrive\Desktop\busresp\OnboardServer\node_modules\sequelize\lib\dialects\abstract\query-interface.js:407:12)
    at async Vehicle.findAll (C:\Users\Acer\OneDrive\Desktop\busresp\OnboardServer\node_modules\sequelize\lib\model.js:1140:21)
    at async Vehicle.findOne (C:\Users\Acer\OneDrive\Desktop\busresp\OnboardServer\node_modules\sequelize\lib\model.js:1240:12)
    at async DeviceClient.<anonymous> (C:\Users\Acer\OneDrive\Desktop\busresp\OnboardServer\helper\mqtt.js:45:47)
2024-05-09 23:32:49 error: Unknown column 'vehicleModule' in 'field list' 
    Error
    at Query.run (C:\Users\Acer\OneDrive\Desktop\busresp\OnboardServer\node_modules\sequelize\lib\dialects\mysql\query.js:52:25)
    at C:\Users\Acer\OneDrive\Desktop\busresp\OnboardServer\node_modules\sequelize\lib\sequelize.js:315:28
    at process.processTicksAndRejections (node:internal/process/task_queues:95:5)
    at async MySQLQueryInterface.select (C:\Users\Acer\OneDrive\Desktop\busresp\OnboardServer\node_modules\sequelize\lib\dialects\abstract\query-interface.js:407:12)
    at async Vehicle.findAll (C:\Users\Acer\OneDrive\Desktop\busresp\OnboardServer\node_modules\sequelize\lib\model.js:1140:21)
    at async Vehicle.findOne (C:\Users\Acer\OneDrive\Desktop\busresp\OnboardServer\node_modules\sequelize\lib\model.js:1240:12)
    at async DeviceClient.<anonymous> (C:\Users\Acer\OneDrive\Desktop\busresp\OnboardServer\helper\mqtt.js:45:47)
2024-05-09 23:32:54 info: ::1 - - [09/May/2024:18:02:54 +0000] "OPTIONS /api/v1/route/getVehicles?page=1&records=12 HTTP/1.1" 204 0 "http://localhost:3000/" "Mozilla/5.0 (Windows NT 10.0; Win64; x64) AppleWebKit/537.36 (KHTML, like Gecko) Chrome/124.0.0.0 Safari/537.36"
 
2024-05-09 23:32:54 info: Get vehicles 
2024-05-09 23:37:10 info: Onboard Server is started and running at the port 5000 
2024-05-09 23:37:33 info: ::1 - - [09/May/2024:18:07:33 +0000] "OPTIONS /api/v1/route/getVehicles?page=1&records=12 HTTP/1.1" 204 0 "http://localhost:3000/" "Mozilla/5.0 (Windows NT 10.0; Win64; x64) AppleWebKit/537.36 (KHTML, like Gecko) Chrome/124.0.0.0 Safari/537.36"
 
2024-05-09 23:37:33 info: Get vehicles 
2024-05-09 23:37:54 info: Onboard Server is started and running at the port 5000 
2024-05-09 23:38:02 info: ::1 - - [09/May/2024:18:08:02 +0000] "OPTIONS /api/v1/route/getVehicles?page=1&records=12 HTTP/1.1" 204 0 "http://localhost:3000/" "Mozilla/5.0 (Windows NT 10.0; Win64; x64) AppleWebKit/537.36 (KHTML, like Gecko) Chrome/124.0.0.0 Safari/537.36"
 
2024-05-09 23:38:02 info: Get vehicles 
2024-05-09 23:48:00 info: Onboard Server is started and running at the port 5000 
2024-05-09 23:48:26 info: Onboard Server is started and running at the port 5000 
2024-05-09 23:48:36 info: ::1 - - [09/May/2024:18:18:36 +0000] "OPTIONS /api/v1/route/getVehicles?page=1&records=12 HTTP/1.1" 204 0 "http://localhost:3000/" "Mozilla/5.0 (Windows NT 10.0; Win64; x64) AppleWebKit/537.36 (KHTML, like Gecko) Chrome/124.0.0.0 Safari/537.36"
 
2024-05-09 23:48:36 info: Get vehicles 
2024-05-09 23:48:59 info: Onboard Server is started and running at the port 5000 
2024-05-09 23:49:10 info: ::1 - - [09/May/2024:18:19:10 +0000] "OPTIONS /api/v1/route/getVehicles?page=1&records=12 HTTP/1.1" 204 0 "http://localhost:3000/" "Mozilla/5.0 (Windows NT 10.0; Win64; x64) AppleWebKit/537.36 (KHTML, like Gecko) Chrome/124.0.0.0 Safari/537.36"
 
2024-05-09 23:49:10 info: Get vehicles 
