2024-05-19 18:00:50 error: Unexpected token H in JSON at position 0 
    SyntaxError: Unexpected token H in JSON at position 0
    at JSON.parse (<anonymous>)
    at DeviceClient.<anonymous> (C:\Users\Acer\OneDrive\Desktop\busresp\OnboardServer\helper\mqtt.js:38:26)
    at DeviceClient.emit (node:events:514:28)
    at MqttClient.<anonymous> (C:\Users\Acer\OneDrive\Desktop\busresp\OnboardServer\node_modules\aws-iot-device-sdk\device\index.js:826:12)
    at MqttClient.emit (node:events:514:28)
    at MqttClient._handlePublish (C:\Users\Acer\OneDrive\Desktop\busresp\OnboardServer\node_modules\aws-iot-device-sdk\node_modules\mqtt\lib\client.js:1277:12)
    at MqttClient._handlePacket (C:\Users\Acer\OneDrive\Desktop\busresp\OnboardServer\node_modules\aws-iot-device-sdk\node_modules\mqtt\lib\client.js:410:12)
    at work (C:\Users\Acer\OneDrive\Desktop\busresp\OnboardServer\node_modules\aws-iot-device-sdk\node_modules\mqtt\lib\client.js:321:12)
    at writable._write (C:\Users\Acer\OneDrive\Desktop\busresp\OnboardServer\node_modules\aws-iot-device-sdk\node_modules\mqtt\lib\client.js:335:5)
    at doWrite (C:\Users\Acer\OneDrive\Desktop\busresp\OnboardServer\node_modules\readable-stream\lib\_stream_writable.js:390:139)
2024-05-19 18:01:13 info: Get vehicles 
2024-05-19 18:01:14 info: ::1 - - [19/May/2024:12:31:14 +0000] "POST /api/v1/route/getRoutes HTTP/1.1" 200 258998 "-" "PostmanRuntime/7.39.0"
 
2024-05-19 18:05:14 info: ::1 - - [19/May/2024:12:35:14 +0000] "OPTIONS /api/v1/route/getRoutes?page=1&records=100 HTTP/1.1" 204 0 "http://localhost:3000/" "Mozilla/5.0 (Windows NT 10.0; Win64; x64) AppleWebKit/537.36 (KHTML, like Gecko) Chrome/124.0.0.0 Safari/537.36"
 
2024-05-19 18:05:14 info: Get vehicles 
2024-05-19 18:05:14 info: ::1 - - [19/May/2024:12:35:14 +0000] "POST /api/v1/route/getRoutes?page=1&records=100 HTTP/1.1" 200 258998 "http://localhost:3000/" "Mozilla/5.0 (Windows NT 10.0; Win64; x64) AppleWebKit/537.36 (KHTML, like Gecko) Chrome/124.0.0.0 Safari/537.36"
 
2024-05-19 18:07:18 info: ::1 - - [19/May/2024:12:37:18 +0000] "OPTIONS /api/v1/route/addRoute HTTP/1.1" 204 0 "http://localhost:3000/" "Mozilla/5.0 (Windows NT 10.0; Win64; x64) AppleWebKit/537.36 (KHTML, like Gecko) Chrome/124.0.0.0 Safari/537.36"
 
2024-05-19 18:07:18 info: Add or update route info 
2024-05-19 18:07:18 info: Adding/updating route details::{"routeNo":"AVG12","startPoint":"sefwe","endPoint":"wef","depotname":"rbkvjb","startTime":"10:12","endTime":"11:20","trip_length":"34","SCH_NO":"12","SERVICE":"city","intermediateStops":[{"stopName":"stop1","arrivalTime":"12","departureTime":"1","frequency":"Every 15 min","stopLocation":"ghaziabad"},{"stopName":"stop1","arrivalTime":"12","departureTime":"1","frequency":"Every 15 min","stopLocation":"ghaziabad"},{"stopName":"stop1","arrivalTime":"wfe","departureTime":"1","frequency":"Every 15 min","stopLocation":"wef"},{"stopName":"Stop 2","arrivalTime":"12","departureTime":"12:15","frequency":"23","stopLocation":"ghaziabad"}],"user":"undefined","type":null,"is_pro":"wcw436aidbewu@$*^46954$%^^"} 
2024-05-19 18:07:18 error: Error: Please enter all the valid parameters!! 
    Error: Error: Please enter all the valid parameters!!
    at main.addRoute (C:\Users\Acer\OneDrive\Desktop\busresp\OnboardServer\controllers\route.controller.js:308:11)
    at C:\Users\Acer\OneDrive\Desktop\busresp\OnboardServer\routes\api\v1\routeConfig.js:80:24
    at Layer.handle [as handle_request] (C:\Users\Acer\OneDrive\Desktop\busresp\OnboardServer\node_modules\express\lib\router\layer.js:95:5)
    at next (C:\Users\Acer\OneDrive\Desktop\busresp\OnboardServer\node_modules\express\lib\router\route.js:144:13)
    at Route.dispatch (C:\Users\Acer\OneDrive\Desktop\busresp\OnboardServer\node_modules\express\lib\router\route.js:114:3)
    at Layer.handle [as handle_request] (C:\Users\Acer\OneDrive\Desktop\busresp\OnboardServer\node_modules\express\lib\router\layer.js:95:5)
    at C:\Users\Acer\OneDrive\Desktop\busresp\OnboardServer\node_modules\express\lib\router\index.js:284:15
    at Function.process_params (C:\Users\Acer\OneDrive\Desktop\busresp\OnboardServer\node_modules\express\lib\router\index.js:346:12)
    at next (C:\Users\Acer\OneDrive\Desktop\busresp\OnboardServer\node_modules\express\lib\router\index.js:280:10)
    at Function.handle (C:\Users\Acer\OneDrive\Desktop\busresp\OnboardServer\node_modules\express\lib\router\index.js:175:3)
2024-05-19 18:07:18 error: Error: Please enter all the valid parameters!! 
    Error: Error: Please enter all the valid parameters!!
    at main.addRoute (C:\Users\Acer\OneDrive\Desktop\busresp\OnboardServer\controllers\route.controller.js:308:11)
    at C:\Users\Acer\OneDrive\Desktop\busresp\OnboardServer\routes\api\v1\routeConfig.js:80:24
    at Layer.handle [as handle_request] (C:\Users\Acer\OneDrive\Desktop\busresp\OnboardServer\node_modules\express\lib\router\layer.js:95:5)
    at next (C:\Users\Acer\OneDrive\Desktop\busresp\OnboardServer\node_modules\express\lib\router\route.js:144:13)
    at Route.dispatch (C:\Users\Acer\OneDrive\Desktop\busresp\OnboardServer\node_modules\express\lib\router\route.js:114:3)
    at Layer.handle [as handle_request] (C:\Users\Acer\OneDrive\Desktop\busresp\OnboardServer\node_modules\express\lib\router\layer.js:95:5)
    at C:\Users\Acer\OneDrive\Desktop\busresp\OnboardServer\node_modules\express\lib\router\index.js:284:15
    at Function.process_params (C:\Users\Acer\OneDrive\Desktop\busresp\OnboardServer\node_modules\express\lib\router\index.js:346:12)
    at next (C:\Users\Acer\OneDrive\Desktop\busresp\OnboardServer\node_modules\express\lib\router\index.js:280:10)
    at Function.handle (C:\Users\Acer\OneDrive\Desktop\busresp\OnboardServer\node_modules\express\lib\router\index.js:175:3)
2024-05-19 18:07:18 info: ::1 - - [19/May/2024:12:37:18 +0000] "POST /api/v1/route/addRoute HTTP/1.1" 500 82 "http://localhost:3000/" "Mozilla/5.0 (Windows NT 10.0; Win64; x64) AppleWebKit/537.36 (KHTML, like Gecko) Chrome/124.0.0.0 Safari/537.36"
 
2024-05-19 18:08:29 info: ::1 - - [19/May/2024:12:38:29 +0000] "OPTIONS /api/v1/route/getRoutes?page=1&records=100 HTTP/1.1" 204 0 "http://localhost:3000/" "Mozilla/5.0 (Windows NT 10.0; Win64; x64) AppleWebKit/537.36 (KHTML, like Gecko) Chrome/124.0.0.0 Safari/537.36"
 
2024-05-19 18:08:29 info: Get vehicles 
2024-05-19 18:08:30 info: ::1 - - [19/May/2024:12:38:30 +0000] "POST /api/v1/route/getRoutes?page=1&records=100 HTTP/1.1" 200 258998 "http://localhost:3000/" "Mozilla/5.0 (Windows NT 10.0; Win64; x64) AppleWebKit/537.36 (KHTML, like Gecko) Chrome/124.0.0.0 Safari/537.36"
 
2024-05-19 18:11:53 info: ::1 - - [19/May/2024:12:41:53 +0000] "OPTIONS /api/v1/route/addRoute HTTP/1.1" 204 0 "http://localhost:3000/" "Mozilla/5.0 (Windows NT 10.0; Win64; x64) AppleWebKit/537.36 (KHTML, like Gecko) Chrome/124.0.0.0 Safari/537.36"
 
2024-05-19 18:11:53 info: Add or update route info 
2024-05-19 18:11:53 info: Adding/updating route details::{"routeNo":"ASD12","startPoint":"asd","endPoint":"wet","depotname":"rohini","startTime":"10:12","endTime":"11:13","frequency":"every 15 min","trip_length":"12","SCH_NO":"23","SERVICE":"city","intermediateStops":[{"stopName":"stop1","arrivalTime":"12","departureTime":"12:15","frequency":"12","stopLocation":"ghaziabad"},{"stopName":"Stop 2","arrivalTime":"12","departureTime":"1","frequency":"Every 15 min","stopLocation":"ghaziabad"},{"stopName":"stop1","arrivalTime":"12","departureTime":"1","frequency":"Every 15 min","stopLocation":"ghaziabad"}],"user":"undefined","type":null,"is_pro":"wcw436aidbewu@$*^46954$%^^"} 
2024-05-19 18:11:53 info: ::1 - - [19/May/2024:12:41:53 +0000] "POST /api/v1/route/addRoute HTTP/1.1" 200 264643 "http://localhost:3000/" "Mozilla/5.0 (Windows NT 10.0; Win64; x64) AppleWebKit/537.36 (KHTML, like Gecko) Chrome/124.0.0.0 Safari/537.36"
 
2024-05-19 18:12:37 info: ::1 - - [19/May/2024:12:42:37 +0000] "OPTIONS /api/v1/route/getRoutes?page=1&records=100 HTTP/1.1" 204 0 "http://localhost:3000/" "Mozilla/5.0 (Windows NT 10.0; Win64; x64) AppleWebKit/537.36 (KHTML, like Gecko) Chrome/124.0.0.0 Safari/537.36"
 
2024-05-19 18:12:37 info: Get vehicles 
2024-05-19 18:12:38 info: ::1 - - [19/May/2024:12:42:38 +0000] "POST /api/v1/route/getRoutes?page=1&records=100 HTTP/1.1" 200 259648 "http://localhost:3000/" "Mozilla/5.0 (Windows NT 10.0; Win64; x64) AppleWebKit/537.36 (KHTML, like Gecko) Chrome/124.0.0.0 Safari/537.36"
 
2024-05-19 18:12:43 info: Get vehicles 
2024-05-19 18:12:44 info: ::1 - - [19/May/2024:12:42:44 +0000] "POST /api/v1/route/getRoutes HTTP/1.1" 200 259648 "-" "PostmanRuntime/7.39.0"
 
2024-05-19 18:18:03 info: ::1 - - [19/May/2024:12:48:03 +0000] "OPTIONS /api/v1/route/getMasterData HTTP/1.1" 204 0 "http://localhost:3000/" "Mozilla/5.0 (Windows NT 10.0; Win64; x64) AppleWebKit/537.36 (KHTML, like Gecko) Chrome/124.0.0.0 Safari/537.36"
 
2024-05-19 18:18:03 info: ::1 - - [19/May/2024:12:48:03 +0000] "OPTIONS /api/v1/route/getVehicleRouteMap HTTP/1.1" 204 0 "http://localhost:3000/" "Mozilla/5.0 (Windows NT 10.0; Win64; x64) AppleWebKit/537.36 (KHTML, like Gecko) Chrome/124.0.0.0 Safari/537.36"
 
2024-05-19 18:18:03 info: Fetching vehicle route map data 
2024-05-19 18:18:03 info: Get vehicles 
2024-05-19 18:18:03 info: Fetching master data 
2024-05-19 18:18:03 info: Getting master data 
2024-05-19 18:18:03 info: ::1 - - [19/May/2024:12:48:03 +0000] "POST /api/v1/route/getVehicleRouteMap HTTP/1.1" 200 972 "http://localhost:3000/" "Mozilla/5.0 (Windows NT 10.0; Win64; x64) AppleWebKit/537.36 (KHTML, like Gecko) Chrome/124.0.0.0 Safari/537.36"
 
2024-05-19 18:18:03 info: ::1 - - [19/May/2024:12:48:03 +0000] "POST /api/v1/route/getMasterData HTTP/1.1" 200 31166 "http://localhost:3000/" "Mozilla/5.0 (Windows NT 10.0; Win64; x64) AppleWebKit/537.36 (KHTML, like Gecko) Chrome/124.0.0.0 Safari/537.36"
 
2024-05-19 18:18:53 info: ::1 - - [19/May/2024:12:48:53 +0000] "OPTIONS /api/v1/route/getRoutes?page=1&records=100 HTTP/1.1" 204 0 "http://localhost:3000/" "Mozilla/5.0 (Windows NT 10.0; Win64; x64) AppleWebKit/537.36 (KHTML, like Gecko) Chrome/124.0.0.0 Safari/537.36"
 
2024-05-19 18:18:53 info: Get vehicles 
2024-05-19 18:18:54 info: ::1 - - [19/May/2024:12:48:54 +0000] "POST /api/v1/route/getRoutes?page=1&records=100 HTTP/1.1" 200 259648 "http://localhost:3000/" "Mozilla/5.0 (Windows NT 10.0; Win64; x64) AppleWebKit/537.36 (KHTML, like Gecko) Chrome/124.0.0.0 Safari/537.36"
 
